<?xml version="1.0" encoding="UTF-8"?>
<robot generator="Robot 5.0 (Python 3.10.4 on win32)" generated="20220830 13:07:35.718" rpa="false" schemaversion="3">
<suite id="s1" name="SF TC 014" source="D:\Repositories2\sf_auto_07072022\sf_auto_07072022\TestCases\SF_TC_014.robot">
<test id="s1-t1" name="TEST CASE 010" line="31">
<kw name="Execute Suite Setup as User" library="Common" type="SETUP">
<doc>Open Browser on Test or preproduction environment</doc>
<kw name="Open Browser" library="SeleniumLibrary">
<arg>${URL}</arg>
<arg>${Broswer}</arg>
<arg>${TestData}[Browser]</arg>
<arg>options=add_argument("--ignore-certificate-errors")</arg>
<doc>Opens a new browser instance to the optional ``url``.</doc>
<msg timestamp="20220830 13:07:37.077" level="INFO">Opening browser 'chrome' to base url 'https://sfprotest.smartfren.com/sfdms'.</msg>
<status status="PASS" starttime="20220830 13:07:37.077" endtime="20220830 13:07:46.951"/>
</kw>
<kw name="Maximize Browser Window" library="SeleniumLibrary">
<doc>Maximizes current browser window.</doc>
<status status="PASS" starttime="20220830 13:07:46.951" endtime="20220830 13:07:47.168"/>
</kw>
<status status="PASS" starttime="20220830 13:07:37.077" endtime="20220830 13:07:47.168"/>
</kw>
<kw name="Login to SMARTFERN UI" library="SF_Login_Keyword">
<arg>${SmartFern_CREDENTIAL}[username6]</arg>
<arg>${SmartFern_CREDENTIAL}[password6]</arg>
<kw name="Set Input" library="Common">
<arg>${LoginPage}[UserName]</arg>
<arg>${user}</arg>
<kw name="Wait Until Element Is Visible" library="SeleniumLibrary">
<arg>${locator}</arg>
<doc>Waits until the element ``locator`` is visible.</doc>
<status status="PASS" starttime="20220830 13:07:47.172" endtime="20220830 13:07:47.219"/>
</kw>
<kw name="Wait Until Keyword Succeeds" library="BuiltIn">
<arg>${TimeOut}</arg>
<arg>${Start}</arg>
<arg>SeleniumLibrary.click element</arg>
<arg>${locator}</arg>
<doc>Runs the specified keyword and retries if it fails.</doc>
<kw name="Click Element" library="SeleniumLibrary">
<arg>${locator}</arg>
<doc>Click the element identified by ``locator``.</doc>
<msg timestamp="20220830 13:07:47.219" level="INFO">Clicking element '//input[@autocomplete='new-username']'.</msg>
<status status="PASS" starttime="20220830 13:07:47.219" endtime="20220830 13:07:47.314"/>
</kw>
<status status="PASS" starttime="20220830 13:07:47.219" endtime="20220830 13:07:47.314"/>
</kw>
<kw name="Click Element" library="SeleniumLibrary">
<arg>${locator}</arg>
<doc>Click the element identified by ``locator``.</doc>
<msg timestamp="20220830 13:07:47.314" level="INFO">Clicking element '//input[@autocomplete='new-username']'.</msg>
<status status="PASS" starttime="20220830 13:07:47.314" endtime="20220830 13:07:47.397"/>
</kw>
<kw name="Run Keyword If" library="BuiltIn">
<arg>'${value}' == 'nan'</arg>
<arg>Log To Console</arg>
<arg>NANACONDITION</arg>
<arg>ELSE IF</arg>
<arg>'${value}' == 'BLANK'</arg>
<arg>Wait Until Keyword Succeeds</arg>
<arg>${TimeOut}</arg>
<arg>${Start}</arg>
<arg>SeleniumLibrary.Input Text</arg>
<arg>${locator}</arg>
<arg>ELSE</arg>
<arg>Wait Until Keyword Succeeds</arg>
<arg>${TimeOut}</arg>
<arg>${Start}</arg>
<arg>SeleniumLibrary.Input Text</arg>
<arg>${locator}</arg>
<arg>${value}</arg>
<doc>Runs the given keyword with the given arguments, if ``condition`` is true.</doc>
<kw name="Wait Until Keyword Succeeds" library="BuiltIn">
<arg>${TimeOut}</arg>
<arg>${Start}</arg>
<arg>SeleniumLibrary.Input Text</arg>
<arg>${locator}</arg>
<arg>${value}</arg>
<doc>Runs the specified keyword and retries if it fails.</doc>
<kw name="Input Text" library="SeleniumLibrary">
<arg>${locator}</arg>
<arg>${value}</arg>
<doc>Types the given ``text`` into the text field identified by ``locator``.</doc>
<msg timestamp="20220830 13:07:47.405" level="INFO">Typing text '2003' into text field '//input[@autocomplete='new-username']'.</msg>
<status status="PASS" starttime="20220830 13:07:47.405" endtime="20220830 13:07:47.570"/>
</kw>
<status status="PASS" starttime="20220830 13:07:47.405" endtime="20220830 13:07:47.570"/>
</kw>
<status status="PASS" starttime="20220830 13:07:47.397" endtime="20220830 13:07:47.578"/>
</kw>
<status status="PASS" starttime="20220830 13:07:47.168" endtime="20220830 13:07:47.579"/>
</kw>
<kw name="Click Item" library="Common">
<arg>${LoginPage}[NextButton]</arg>
<kw name="Wait Until Element Is Visible" library="SeleniumLibrary">
<arg>${locator}</arg>
<doc>Waits until the element ``locator`` is visible.</doc>
<status status="PASS" starttime="20220830 13:07:47.581" endtime="20220830 13:07:47.631"/>
</kw>
<kw name="Wait Until Keyword Succeeds" library="BuiltIn">
<arg>${TimeOut}</arg>
<arg>${Start}</arg>
<arg>SeleniumLibrary.click element</arg>
<arg>${locator}</arg>
<doc>Runs the specified keyword and retries if it fails.</doc>
<kw name="Click Element" library="SeleniumLibrary">
<arg>${locator}</arg>
<doc>Click the element identified by ``locator``.</doc>
<msg timestamp="20220830 13:07:47.631" level="INFO">Clicking element '//button[text()='Next']'.</msg>
<status status="PASS" starttime="20220830 13:07:47.631" endtime="20220830 13:07:47.721"/>
</kw>
<status status="PASS" starttime="20220830 13:07:47.631" endtime="20220830 13:07:47.721"/>
</kw>
<status status="PASS" starttime="20220830 13:07:47.579" endtime="20220830 13:07:47.721"/>
</kw>
<kw name="Sleep" library="BuiltIn">
<arg>4s</arg>
<doc>Pauses the test executed for the given time.</doc>
<msg timestamp="20220830 13:07:51.728" level="INFO">Slept 4 seconds</msg>
<status status="PASS" starttime="20220830 13:07:47.721" endtime="20220830 13:07:51.728"/>
</kw>
<kw name="Set Input" library="Common">
<arg>${LoginPage}[Password]</arg>
<arg>${pass}</arg>
<kw name="Wait Until Element Is Visible" library="SeleniumLibrary">
<arg>${locator}</arg>
<doc>Waits until the element ``locator`` is visible.</doc>
<status status="PASS" starttime="20220830 13:07:51.730" endtime="20220830 13:07:51.756"/>
</kw>
<kw name="Wait Until Keyword Succeeds" library="BuiltIn">
<arg>${TimeOut}</arg>
<arg>${Start}</arg>
<arg>SeleniumLibrary.click element</arg>
<arg>${locator}</arg>
<doc>Runs the specified keyword and retries if it fails.</doc>
<kw name="Click Element" library="SeleniumLibrary">
<arg>${locator}</arg>
<doc>Click the element identified by ``locator``.</doc>
<msg timestamp="20220830 13:07:51.756" level="INFO">Clicking element '//input[@class='form-control']'.</msg>
<status status="PASS" starttime="20220830 13:07:51.756" endtime="20220830 13:07:51.842"/>
</kw>
<status status="PASS" starttime="20220830 13:07:51.756" endtime="20220830 13:07:51.842"/>
</kw>
<kw name="Click Element" library="SeleniumLibrary">
<arg>${locator}</arg>
<doc>Click the element identified by ``locator``.</doc>
<msg timestamp="20220830 13:07:51.845" level="INFO">Clicking element '//input[@class='form-control']'.</msg>
<status status="PASS" starttime="20220830 13:07:51.842" endtime="20220830 13:07:51.915"/>
</kw>
<kw name="Run Keyword If" library="BuiltIn">
<arg>'${value}' == 'nan'</arg>
<arg>Log To Console</arg>
<arg>NANACONDITION</arg>
<arg>ELSE IF</arg>
<arg>'${value}' == 'BLANK'</arg>
<arg>Wait Until Keyword Succeeds</arg>
<arg>${TimeOut}</arg>
<arg>${Start}</arg>
<arg>SeleniumLibrary.Input Text</arg>
<arg>${locator}</arg>
<arg>ELSE</arg>
<arg>Wait Until Keyword Succeeds</arg>
<arg>${TimeOut}</arg>
<arg>${Start}</arg>
<arg>SeleniumLibrary.Input Text</arg>
<arg>${locator}</arg>
<arg>${value}</arg>
<doc>Runs the given keyword with the given arguments, if ``condition`` is true.</doc>
<kw name="Wait Until Keyword Succeeds" library="BuiltIn">
<arg>${TimeOut}</arg>
<arg>${Start}</arg>
<arg>SeleniumLibrary.Input Text</arg>
<arg>${locator}</arg>
<arg>${value}</arg>
<doc>Runs the specified keyword and retries if it fails.</doc>
<kw name="Input Text" library="SeleniumLibrary">
<arg>${locator}</arg>
<arg>${value}</arg>
<doc>Types the given ``text`` into the text field identified by ``locator``.</doc>
<msg timestamp="20220830 13:07:51.915" level="INFO">Typing text '873467' into text field '//input[@class='form-control']'.</msg>
<status status="PASS" starttime="20220830 13:07:51.915" endtime="20220830 13:07:52.047"/>
</kw>
<status status="PASS" starttime="20220830 13:07:51.915" endtime="20220830 13:07:52.047"/>
</kw>
<status status="PASS" starttime="20220830 13:07:51.915" endtime="20220830 13:07:52.047"/>
</kw>
<status status="PASS" starttime="20220830 13:07:51.728" endtime="20220830 13:07:52.047"/>
</kw>
<kw name="Click Item" library="Common">
<arg>${LoginPage}[Loginbtn]</arg>
<kw name="Wait Until Element Is Visible" library="SeleniumLibrary">
<arg>${locator}</arg>
<doc>Waits until the element ``locator`` is visible.</doc>
<status status="PASS" starttime="20220830 13:07:52.047" endtime="20220830 13:07:52.079"/>
</kw>
<kw name="Wait Until Keyword Succeeds" library="BuiltIn">
<arg>${TimeOut}</arg>
<arg>${Start}</arg>
<arg>SeleniumLibrary.click element</arg>
<arg>${locator}</arg>
<doc>Runs the specified keyword and retries if it fails.</doc>
<kw name="Click Element" library="SeleniumLibrary">
<arg>${locator}</arg>
<doc>Click the element identified by ``locator``.</doc>
<msg timestamp="20220830 13:07:52.087" level="INFO">Clicking element '//button[text()='Login']'.</msg>
<status status="PASS" starttime="20220830 13:07:52.087" endtime="20220830 13:07:52.159"/>
</kw>
<status status="PASS" starttime="20220830 13:07:52.087" endtime="20220830 13:07:52.159"/>
</kw>
<status status="PASS" starttime="20220830 13:07:52.047" endtime="20220830 13:07:52.160"/>
</kw>
<status status="PASS" starttime="20220830 13:07:47.168" endtime="20220830 13:07:52.160"/>
</kw>
<kw name="Sleep" library="BuiltIn">
<arg>15s</arg>
<doc>Pauses the test executed for the given time.</doc>
<msg timestamp="20220830 13:08:07.165" level="INFO">Slept 15 seconds</msg>
<status status="PASS" starttime="20220830 13:07:52.162" endtime="20220830 13:08:07.165"/>
</kw>
<kw name="Add Shedule To Banner of Type External" library="SF_UI_Keywords">
<arg>TC_001</arg>
<arg>TD_01</arg>
<kw name="Fetch From Excel" library="Read_TestData_Keyword">
<var>${data}</var>
<arg>${SMARTFREN_TESTDATA}</arg>
<arg>BannerConfiguration</arg>
<arg>${caseID}</arg>
<arg>${dataID}</arg>
<kw name="Fetch From ExcelData" library="ReadDataFromExcel">
<var>${celldata}</var>
<arg>${filename}</arg>
<arg>${sheetname}</arg>
<arg>${TestCaseID}</arg>
<arg>${TestDataID}</arg>
<msg timestamp="20220830 13:08:07.379" level="INFO">${celldata} =            DUPLICATE_ENTRY TestCaseId TestDataId        Title      NewTitle  ...                    Channel         Region     Cluster OutletType  OutletClass
TestDataId                               ...</msg>
<status status="PASS" starttime="20220830 13:08:07.165" endtime="20220830 13:08:07.379"/>
</kw>
<msg timestamp="20220830 13:08:07.429" level="INFO">${data} =            DUPLICATE_ENTRY TestCaseId TestDataId        Title      NewTitle  ...                    Channel         Region     Cluster OutletType  OutletClass
TestDataId                               ...</msg>
<status status="PASS" starttime="20220830 13:08:07.165" endtime="20220830 13:08:07.429"/>
</kw>
<kw name="Get Data" library="ReadDataFromExcel">
<var>${StartDate}</var>
<arg>${data}</arg>
<arg>StartDate</arg>
<msg timestamp="20220830 13:08:07.437" level="INFO">${StartDate} = Choose Thursday, September 22nd, 2022</msg>
<status status="PASS" starttime="20220830 13:08:07.429" endtime="20220830 13:08:07.437"/>
</kw>
<kw name="Get Data" library="ReadDataFromExcel">
<var>${EndDate}</var>
<arg>${data}</arg>
<arg>EndDate</arg>
<msg timestamp="20220830 13:08:07.437" level="INFO">${EndDate} = Choose Thursday, September 22nd, 2022</msg>
<status status="PASS" starttime="20220830 13:08:07.437" endtime="20220830 13:08:07.437"/>
</kw>
<kw name="Get Data" library="ReadDataFromExcel">
<var>${StartTime}</var>
<arg>${data}</arg>
<arg>StartTime</arg>
<msg timestamp="20220830 13:08:07.446" level="INFO">${StartTime} = 1:00 PM</msg>
<status status="PASS" starttime="20220830 13:08:07.437" endtime="20220830 13:08:07.446"/>
</kw>
<kw name="Get Data" library="ReadDataFromExcel">
<var>${EndTime}</var>
<arg>${data}</arg>
<arg>EndTime</arg>
<msg timestamp="20220830 13:08:07.446" level="INFO">${EndTime} = 2:00 PM</msg>
<status status="PASS" starttime="20220830 13:08:07.446" endtime="20220830 13:08:07.446"/>
</kw>
<kw name="Get Data" library="ReadDataFromExcel">
<var>${Participants}</var>
<arg>${data}</arg>
<arg>Participants</arg>
<msg timestamp="20220830 13:08:07.446" level="INFO">${Participants} = Bulk Upload</msg>
<status status="PASS" starttime="20220830 13:08:07.446" endtime="20220830 13:08:07.446"/>
</kw>
<kw name="Get Data" library="ReadDataFromExcel">
<var>${BulkUploadFilePath}</var>
<arg>${data}</arg>
<arg>BulkUploadFilePath</arg>
<msg timestamp="20220830 13:08:07.454" level="INFO">${BulkUploadFilePath} = D:/Repositories2/sf_auto_07072022/sf_auto_07072022/TestCases/Participants-bulk-upload-template.xlsx</msg>
<status status="PASS" starttime="20220830 13:08:07.446" endtime="20220830 13:08:07.454"/>
</kw>
<kw name="Get Data" library="ReadDataFromExcel">
<var>${UserGroup}</var>
<arg>${data}</arg>
<arg>UserGroup</arg>
<msg timestamp="20220830 13:08:07.454" level="INFO">${UserGroup} = 84</msg>
<status status="PASS" starttime="20220830 13:08:07.454" endtime="20220830 13:08:07.454"/>
</kw>
<kw name="Get Data" library="ReadDataFromExcel">
<var>${EmployeeId}</var>
<arg>${data}</arg>
<arg>EmployeeId</arg>
<msg timestamp="20220830 13:08:07.463" level="INFO">${EmployeeId} = smile outlet</msg>
<status status="PASS" starttime="20220830 13:08:07.454" endtime="20220830 13:08:07.463"/>
</kw>
<kw name="Get Data" library="ReadDataFromExcel">
<var>${Type}</var>
<arg>${data}</arg>
<arg>Type</arg>
<msg timestamp="20220830 13:08:07.463" level="INFO">${Type} = Outlet</msg>
<status status="PASS" starttime="20220830 13:08:07.463" endtime="20220830 13:08:07.463"/>
</kw>
<kw name="Get Data" library="ReadDataFromExcel">
<var>${Channel}</var>
<arg>${data}</arg>
<arg>Channel</arg>
<msg timestamp="20220830 13:08:07.471" level="INFO">${Channel} = Traditional (Trade Telco)</msg>
<status status="PASS" starttime="20220830 13:08:07.463" endtime="20220830 13:08:07.471"/>
</kw>
<kw name="Get Data" library="ReadDataFromExcel">
<var>${Title}</var>
<arg>${data}</arg>
<arg>Title</arg>
<msg timestamp="20220830 13:08:07.471" level="INFO">${Title} = AuTO_Ban_46</msg>
<status status="PASS" starttime="20220830 13:08:07.471" endtime="20220830 13:08:07.471"/>
</kw>
<kw name="Click Item" library="Common">
<arg>${BeliPacketDetailsPage}[Apps]</arg>
<kw name="Wait Until Element Is Visible" library="SeleniumLibrary">
<arg>${locator}</arg>
<doc>Waits until the element ``locator`` is visible.</doc>
<status status="PASS" starttime="20220830 13:08:07.471" endtime="20220830 13:08:07.511"/>
</kw>
<kw name="Wait Until Keyword Succeeds" library="BuiltIn">
<arg>${TimeOut}</arg>
<arg>${Start}</arg>
<arg>SeleniumLibrary.click element</arg>
<arg>${locator}</arg>
<doc>Runs the specified keyword and retries if it fails.</doc>
<kw name="Click Element" library="SeleniumLibrary">
<arg>${locator}</arg>
<doc>Click the element identified by ``locator``.</doc>
<msg timestamp="20220830 13:08:07.519" level="INFO">Clicking element '//div/span[text()='Apps']'.</msg>
<status status="PASS" starttime="20220830 13:08:07.519" endtime="20220830 13:08:07.613"/>
</kw>
<status status="PASS" starttime="20220830 13:08:07.519" endtime="20220830 13:08:07.613"/>
</kw>
<status status="PASS" starttime="20220830 13:08:07.471" endtime="20220830 13:08:07.613"/>
</kw>
<kw name="Sleep" library="BuiltIn">
<arg>2s</arg>
<doc>Pauses the test executed for the given time.</doc>
<msg timestamp="20220830 13:08:09.621" level="INFO">Slept 2 seconds</msg>
<status status="PASS" starttime="20220830 13:08:07.613" endtime="20220830 13:08:09.621"/>
</kw>
<kw name="Click Item" library="Common">
<arg>//span[normalize-space()='KMS']</arg>
<kw name="Wait Until Element Is Visible" library="SeleniumLibrary">
<arg>${locator}</arg>
<doc>Waits until the element ``locator`` is visible.</doc>
<status status="PASS" starttime="20220830 13:08:09.621" endtime="20220830 13:08:09.662"/>
</kw>
<kw name="Wait Until Keyword Succeeds" library="BuiltIn">
<arg>${TimeOut}</arg>
<arg>${Start}</arg>
<arg>SeleniumLibrary.click element</arg>
<arg>${locator}</arg>
<doc>Runs the specified keyword and retries if it fails.</doc>
<kw name="Click Element" library="SeleniumLibrary">
<arg>${locator}</arg>
<doc>Click the element identified by ``locator``.</doc>
<msg timestamp="20220830 13:08:09.662" level="INFO">Clicking element '//span[normalize-space()='KMS']'.</msg>
<status status="PASS" starttime="20220830 13:08:09.662" endtime="20220830 13:08:09.766"/>
</kw>
<status status="PASS" starttime="20220830 13:08:09.662" endtime="20220830 13:08:09.766"/>
</kw>
<status status="PASS" starttime="20220830 13:08:09.621" endtime="20220830 13:08:09.766"/>
</kw>
<kw name="Sleep" library="BuiltIn">
<arg>5s</arg>
<doc>Pauses the test executed for the given time.</doc>
<msg timestamp="20220830 13:08:14.772" level="INFO">Slept 5 seconds</msg>
<status status="PASS" starttime="20220830 13:08:09.766" endtime="20220830 13:08:14.772"/>
</kw>
<kw name="Click Item" library="Common">
<arg>(//img[@src='/sfdms/images/menus/inventory.svg'])[1]</arg>
<kw name="Wait Until Element Is Visible" library="SeleniumLibrary">
<arg>${locator}</arg>
<doc>Waits until the element ``locator`` is visible.</doc>
<status status="PASS" starttime="20220830 13:08:14.772" endtime="20220830 13:08:14.813"/>
</kw>
<kw name="Wait Until Keyword Succeeds" library="BuiltIn">
<arg>${TimeOut}</arg>
<arg>${Start}</arg>
<arg>SeleniumLibrary.click element</arg>
<arg>${locator}</arg>
<doc>Runs the specified keyword and retries if it fails.</doc>
<kw name="Click Element" library="SeleniumLibrary">
<arg>${locator}</arg>
<doc>Click the element identified by ``locator``.</doc>
<msg timestamp="20220830 13:08:14.813" level="INFO">Clicking element '(//img[@src='/sfdms/images/menus/inventory.svg'])[1]'.</msg>
<status status="PASS" starttime="20220830 13:08:14.813" endtime="20220830 13:08:14.882"/>
</kw>
<status status="PASS" starttime="20220830 13:08:14.813" endtime="20220830 13:08:14.882"/>
</kw>
<status status="PASS" starttime="20220830 13:08:14.772" endtime="20220830 13:08:14.882"/>
</kw>
<kw name="Sleep" library="BuiltIn">
<arg>3s</arg>
<doc>Pauses the test executed for the given time.</doc>
<msg timestamp="20220830 13:08:17.888" level="INFO">Slept 3 seconds</msg>
<status status="PASS" starttime="20220830 13:08:14.882" endtime="20220830 13:08:17.888"/>
</kw>
<kw name="Click Item" library="Common">
<arg>//a[normalize-space()='Banner Configuration']</arg>
<kw name="Wait Until Element Is Visible" library="SeleniumLibrary">
<arg>${locator}</arg>
<doc>Waits until the element ``locator`` is visible.</doc>
<status status="PASS" starttime="20220830 13:08:17.891" endtime="20220830 13:08:17.939"/>
</kw>
<kw name="Wait Until Keyword Succeeds" library="BuiltIn">
<arg>${TimeOut}</arg>
<arg>${Start}</arg>
<arg>SeleniumLibrary.click element</arg>
<arg>${locator}</arg>
<doc>Runs the specified keyword and retries if it fails.</doc>
<kw name="Click Element" library="SeleniumLibrary">
<arg>${locator}</arg>
<doc>Click the element identified by ``locator``.</doc>
<msg timestamp="20220830 13:08:17.939" level="INFO">Clicking element '//a[normalize-space()='Banner Configuration']'.</msg>
<status status="PASS" starttime="20220830 13:08:17.939" endtime="20220830 13:08:18.027"/>
</kw>
<status status="PASS" starttime="20220830 13:08:17.939" endtime="20220830 13:08:18.027"/>
</kw>
<status status="PASS" starttime="20220830 13:08:17.889" endtime="20220830 13:08:18.030"/>
</kw>
<kw name="Sleep" library="BuiltIn">
<arg>25s</arg>
<doc>Pauses the test executed for the given time.</doc>
<msg timestamp="20220830 13:08:43.045" level="INFO">Slept 25 seconds</msg>
<status status="PASS" starttime="20220830 13:08:18.030" endtime="20220830 13:08:43.045"/>
</kw>
<kw name="Click Item" library="Common">
<arg>(//i[@class='fa fa-search'])[2]</arg>
<kw name="Wait Until Element Is Visible" library="SeleniumLibrary">
<arg>${locator}</arg>
<doc>Waits until the element ``locator`` is visible.</doc>
<status status="PASS" starttime="20220830 13:08:43.045" endtime="20220830 13:08:45.059"/>
</kw>
<kw name="Wait Until Keyword Succeeds" library="BuiltIn">
<arg>${TimeOut}</arg>
<arg>${Start}</arg>
<arg>SeleniumLibrary.click element</arg>
<arg>${locator}</arg>
<doc>Runs the specified keyword and retries if it fails.</doc>
<kw name="Click Element" library="SeleniumLibrary">
<arg>${locator}</arg>
<doc>Click the element identified by ``locator``.</doc>
<msg timestamp="20220830 13:08:45.059" level="INFO">Clicking element '(//i[@class='fa fa-search'])[2]'.</msg>
<msg timestamp="20220830 13:08:46.430" level="INFO" html="true">&lt;/td&gt;&lt;/tr&gt;&lt;tr&gt;&lt;td colspan="3"&gt;&lt;a href="selenium-screenshot-2317.png"&gt;&lt;img src="selenium-screenshot-2317.png" width="800px"&gt;&lt;/a&gt;</msg>
<msg timestamp="20220830 13:08:46.432" level="FAIL">ElementClickInterceptedException: Message: element click intercepted: Element &lt;i class="fa fa-search"&gt;&lt;/i&gt; is not clickable at point (1293, 105). Other element would receive the click: &lt;button type="button" class="table-header-button btn btn-secondary btn-sm"&gt;...&lt;/button&gt;
  (Session info: chrome=104.0.5112.102)
</msg>
<status status="FAIL" starttime="20220830 13:08:45.059" endtime="20220830 13:08:46.432"/>
</kw>
<kw name="Click Element" library="SeleniumLibrary">
<arg>${locator}</arg>
<doc>Click the element identified by ``locator``.</doc>
<msg timestamp="20220830 13:08:47.441" level="INFO">Clicking element '(//i[@class='fa fa-search'])[2]'.</msg>
<status status="PASS" starttime="20220830 13:08:47.441" endtime="20220830 13:08:47.511"/>
</kw>
<status status="PASS" starttime="20220830 13:08:45.059" endtime="20220830 13:08:47.511"/>
</kw>
<status status="PASS" starttime="20220830 13:08:43.045" endtime="20220830 13:08:47.511"/>
</kw>
<kw name="Set Input" library="Common">
<arg>//input[@class='data-Table-common_search form-control-sm form-control']</arg>
<arg>${Title}</arg>
<kw name="Wait Until Element Is Visible" library="SeleniumLibrary">
<arg>${locator}</arg>
<doc>Waits until the element ``locator`` is visible.</doc>
<status status="PASS" starttime="20220830 13:08:47.511" endtime="20220830 13:08:47.560"/>
</kw>
<kw name="Wait Until Keyword Succeeds" library="BuiltIn">
<arg>${TimeOut}</arg>
<arg>${Start}</arg>
<arg>SeleniumLibrary.click element</arg>
<arg>${locator}</arg>
<doc>Runs the specified keyword and retries if it fails.</doc>
<kw name="Click Element" library="SeleniumLibrary">
<arg>${locator}</arg>
<doc>Click the element identified by ``locator``.</doc>
<msg timestamp="20220830 13:08:47.560" level="INFO">Clicking element '//input[@class='data-Table-common_search form-control-sm form-control']'.</msg>
<status status="PASS" starttime="20220830 13:08:47.560" endtime="20220830 13:08:47.645"/>
</kw>
<status status="PASS" starttime="20220830 13:08:47.560" endtime="20220830 13:08:47.645"/>
</kw>
<kw name="Click Element" library="SeleniumLibrary">
<arg>${locator}</arg>
<doc>Click the element identified by ``locator``.</doc>
<msg timestamp="20220830 13:08:47.646" level="INFO">Clicking element '//input[@class='data-Table-common_search form-control-sm form-control']'.</msg>
<status status="PASS" starttime="20220830 13:08:47.646" endtime="20220830 13:08:47.711"/>
</kw>
<kw name="Run Keyword If" library="BuiltIn">
<arg>'${value}' == 'nan'</arg>
<arg>Log To Console</arg>
<arg>NANACONDITION</arg>
<arg>ELSE IF</arg>
<arg>'${value}' == 'BLANK'</arg>
<arg>Wait Until Keyword Succeeds</arg>
<arg>${TimeOut}</arg>
<arg>${Start}</arg>
<arg>SeleniumLibrary.Input Text</arg>
<arg>${locator}</arg>
<arg>ELSE</arg>
<arg>Wait Until Keyword Succeeds</arg>
<arg>${TimeOut}</arg>
<arg>${Start}</arg>
<arg>SeleniumLibrary.Input Text</arg>
<arg>${locator}</arg>
<arg>${value}</arg>
<doc>Runs the given keyword with the given arguments, if ``condition`` is true.</doc>
<kw name="Wait Until Keyword Succeeds" library="BuiltIn">
<arg>${TimeOut}</arg>
<arg>${Start}</arg>
<arg>SeleniumLibrary.Input Text</arg>
<arg>${locator}</arg>
<arg>${value}</arg>
<doc>Runs the specified keyword and retries if it fails.</doc>
<kw name="Input Text" library="SeleniumLibrary">
<arg>${locator}</arg>
<arg>${value}</arg>
<doc>Types the given ``text`` into the text field identified by ``locator``.</doc>
<msg timestamp="20220830 13:08:47.711" level="INFO">Typing text 'AuTO_Ban_46' into text field '//input[@class='data-Table-common_search form-control-sm form-control']'.</msg>
<status status="PASS" starttime="20220830 13:08:47.711" endtime="20220830 13:08:47.999"/>
</kw>
<status status="PASS" starttime="20220830 13:08:47.711" endtime="20220830 13:08:47.999"/>
</kw>
<status status="PASS" starttime="20220830 13:08:47.711" endtime="20220830 13:08:47.999"/>
</kw>
<status status="PASS" starttime="20220830 13:08:47.511" endtime="20220830 13:08:47.999"/>
</kw>
<kw name="Sleep" library="BuiltIn">
<arg>2s</arg>
<doc>Pauses the test executed for the given time.</doc>
<msg timestamp="20220830 13:08:50.008" level="INFO">Slept 2 seconds</msg>
<status status="PASS" starttime="20220830 13:08:47.999" endtime="20220830 13:08:50.008"/>
</kw>
<kw name="Click Item" library="Common">
<arg>//img[@class='kms-table-link-img ml-1 cursor-pointer']</arg>
<kw name="Wait Until Element Is Visible" library="SeleniumLibrary">
<arg>${locator}</arg>
<doc>Waits until the element ``locator`` is visible.</doc>
<status status="PASS" starttime="20220830 13:08:50.008" endtime="20220830 13:08:50.049"/>
</kw>
<kw name="Wait Until Keyword Succeeds" library="BuiltIn">
<arg>${TimeOut}</arg>
<arg>${Start}</arg>
<arg>SeleniumLibrary.click element</arg>
<arg>${locator}</arg>
<doc>Runs the specified keyword and retries if it fails.</doc>
<kw name="Click Element" library="SeleniumLibrary">
<arg>${locator}</arg>
<doc>Click the element identified by ``locator``.</doc>
<msg timestamp="20220830 13:08:50.049" level="INFO">Clicking element '//img[@class='kms-table-link-img ml-1 cursor-pointer']'.</msg>
<status status="PASS" starttime="20220830 13:08:50.049" endtime="20220830 13:08:50.216"/>
</kw>
<status status="PASS" starttime="20220830 13:08:50.049" endtime="20220830 13:08:50.216"/>
</kw>
<status status="PASS" starttime="20220830 13:08:50.008" endtime="20220830 13:08:50.216"/>
</kw>
<kw name="Set Month" library="SF_UI_Keywords">
<arg>//input[@name='start_date']</arg>
<arg>September</arg>
<kw name="Click Item" library="Common">
<arg>${Locator}</arg>
<kw name="Wait Until Element Is Visible" library="SeleniumLibrary">
<arg>${locator}</arg>
<doc>Waits until the element ``locator`` is visible.</doc>
<status status="PASS" starttime="20220830 13:08:50.216" endtime="20220830 13:08:50.504"/>
</kw>
<kw name="Wait Until Keyword Succeeds" library="BuiltIn">
<arg>${TimeOut}</arg>
<arg>${Start}</arg>
<arg>SeleniumLibrary.click element</arg>
<arg>${locator}</arg>
<doc>Runs the specified keyword and retries if it fails.</doc>
<kw name="Click Element" library="SeleniumLibrary">
<arg>${locator}</arg>
<doc>Click the element identified by ``locator``.</doc>
<msg timestamp="20220830 13:08:50.504" level="INFO">Clicking element '//input[@name='start_date']'.</msg>
<status status="PASS" starttime="20220830 13:08:50.504" endtime="20220830 13:08:50.640"/>
</kw>
<status status="PASS" starttime="20220830 13:08:50.504" endtime="20220830 13:08:50.640"/>
</kw>
<status status="PASS" starttime="20220830 13:08:50.216" endtime="20220830 13:08:50.640"/>
</kw>
<kw name="Set Dropdown5" library="Common">
<arg>//select[@class='react-datepicker__month-select']</arg>
<arg>${Month}</arg>
<kw name="Click Item" library="Common">
<arg>${dropdown}</arg>
<kw name="Wait Until Element Is Visible" library="SeleniumLibrary">
<arg>${locator}</arg>
<doc>Waits until the element ``locator`` is visible.</doc>
<status status="PASS" starttime="20220830 13:08:50.640" endtime="20220830 13:08:50.683"/>
</kw>
<kw name="Wait Until Keyword Succeeds" library="BuiltIn">
<arg>${TimeOut}</arg>
<arg>${Start}</arg>
<arg>SeleniumLibrary.click element</arg>
<arg>${locator}</arg>
<doc>Runs the specified keyword and retries if it fails.</doc>
<kw name="Click Element" library="SeleniumLibrary">
<arg>${locator}</arg>
<doc>Click the element identified by ``locator``.</doc>
<msg timestamp="20220830 13:08:50.683" level="INFO">Clicking element '//select[@class='react-datepicker__month-select']'.</msg>
<status status="PASS" starttime="20220830 13:08:50.683" endtime="20220830 13:08:50.823"/>
</kw>
<status status="PASS" starttime="20220830 13:08:50.683" endtime="20220830 13:08:50.824"/>
</kw>
<status status="PASS" starttime="20220830 13:08:50.640" endtime="20220830 13:08:50.824"/>
</kw>
<kw name="Execute Javascript" library="SeleniumLibrary">
<var>${bool}</var>
<arg>var a = document.querySelectorAll('input[type=radio]');for(var i=0;i&lt;a.length;i++){if(a[i].checked==true &amp;&amp; a[i].nextSibling.innerHTML.trim() === '${Month}') return true; else return false;}</arg>
<doc>Executes the given JavaScript code with possible arguments.</doc>
<msg timestamp="20220830 13:08:50.825" level="INFO">Executing JavaScript:
var a = document.querySelectorAll('input[type=radio]');for(var i=0;i&lt;a.length;i++){if(a[i].checked==true &amp;&amp; a[i].nextSibling.innerHTML.trim() === 'September') return true; else return false;}
Without any arguments.</msg>
<msg timestamp="20220830 13:08:50.833" level="INFO">${bool} = None</msg>
<status status="PASS" starttime="20220830 13:08:50.825" endtime="20220830 13:08:50.833"/>
</kw>
<kw name="Log To Console" library="BuiltIn">
<arg>------------------------</arg>
<doc>Logs the given message to the console.</doc>
<status status="PASS" starttime="20220830 13:08:50.833" endtime="20220830 13:08:50.838"/>
</kw>
<kw name="Log To Console" library="BuiltIn">
<arg>${bool}</arg>
<doc>Logs the given message to the console.</doc>
<status status="PASS" starttime="20220830 13:08:50.838" endtime="20220830 13:08:50.839"/>
</kw>
<kw name="Log To Console" library="BuiltIn">
<arg>------------------------</arg>
<doc>Logs the given message to the console.</doc>
<status status="PASS" starttime="20220830 13:08:50.839" endtime="20220830 13:08:50.839"/>
</kw>
<if>
<branch type="IF" condition="not ${bool}">
<kw name="Click Item" library="Common">
<arg>//option[text()='${Month}']</arg>
<kw name="Wait Until Element Is Visible" library="SeleniumLibrary">
<arg>${locator}</arg>
<doc>Waits until the element ``locator`` is visible.</doc>
<status status="PASS" starttime="20220830 13:08:50.842" endtime="20220830 13:08:50.882"/>
</kw>
<kw name="Wait Until Keyword Succeeds" library="BuiltIn">
<arg>${TimeOut}</arg>
<arg>${Start}</arg>
<arg>SeleniumLibrary.click element</arg>
<arg>${locator}</arg>
<doc>Runs the specified keyword and retries if it fails.</doc>
<kw name="Click Element" library="SeleniumLibrary">
<arg>${locator}</arg>
<doc>Click the element identified by ``locator``.</doc>
<msg timestamp="20220830 13:08:50.882" level="INFO">Clicking element '//option[text()='September']'.</msg>
<status status="PASS" starttime="20220830 13:08:50.882" endtime="20220830 13:08:50.973"/>
</kw>
<status status="PASS" starttime="20220830 13:08:50.882" endtime="20220830 13:08:50.973"/>
</kw>
<status status="PASS" starttime="20220830 13:08:50.839" endtime="20220830 13:08:50.973"/>
</kw>
<status status="PASS" starttime="20220830 13:08:50.839" endtime="20220830 13:08:50.973"/>
</branch>
<status status="PASS" starttime="20220830 13:08:50.839" endtime="20220830 13:08:50.973"/>
</if>
<status status="PASS" starttime="20220830 13:08:50.640" endtime="20220830 13:08:50.973"/>
</kw>
<status status="PASS" starttime="20220830 13:08:50.216" endtime="20220830 13:08:50.973"/>
</kw>
<kw name="Sleep" library="BuiltIn">
<arg>5s</arg>
<doc>Pauses the test executed for the given time.</doc>
<msg timestamp="20220830 13:08:55.975" level="INFO">Slept 5 seconds</msg>
<status status="PASS" starttime="20220830 13:08:50.973" endtime="20220830 13:08:55.975"/>
</kw>
<kw name="Set Date" library="SF_UI_Keywords">
<arg>//input[@name='start_date']</arg>
<arg>${StartDate}</arg>
<kw name="Click Item" library="Common">
<arg>${Locator}</arg>
<kw name="Wait Until Element Is Visible" library="SeleniumLibrary">
<arg>${locator}</arg>
<doc>Waits until the element ``locator`` is visible.</doc>
<status status="PASS" starttime="20220830 13:08:55.975" endtime="20220830 13:08:56.016"/>
</kw>
<kw name="Wait Until Keyword Succeeds" library="BuiltIn">
<arg>${TimeOut}</arg>
<arg>${Start}</arg>
<arg>SeleniumLibrary.click element</arg>
<arg>${locator}</arg>
<doc>Runs the specified keyword and retries if it fails.</doc>
<kw name="Click Element" library="SeleniumLibrary">
<arg>${locator}</arg>
<doc>Click the element identified by ``locator``.</doc>
<msg timestamp="20220830 13:08:56.016" level="INFO">Clicking element '//input[@name='start_date']'.</msg>
<status status="PASS" starttime="20220830 13:08:56.016" endtime="20220830 13:08:56.117"/>
</kw>
<status status="PASS" starttime="20220830 13:08:56.016" endtime="20220830 13:08:56.117"/>
</kw>
<status status="PASS" starttime="20220830 13:08:55.975" endtime="20220830 13:08:56.117"/>
</kw>
<kw name="Click Item" library="Common">
<arg>//div[@aria-label='${Date}']</arg>
<kw name="Wait Until Element Is Visible" library="SeleniumLibrary">
<arg>${locator}</arg>
<doc>Waits until the element ``locator`` is visible.</doc>
<status status="PASS" starttime="20220830 13:08:56.117" endtime="20220830 13:08:56.166"/>
</kw>
<kw name="Wait Until Keyword Succeeds" library="BuiltIn">
<arg>${TimeOut}</arg>
<arg>${Start}</arg>
<arg>SeleniumLibrary.click element</arg>
<arg>${locator}</arg>
<doc>Runs the specified keyword and retries if it fails.</doc>
<kw name="Click Element" library="SeleniumLibrary">
<arg>${locator}</arg>
<doc>Click the element identified by ``locator``.</doc>
<msg timestamp="20220830 13:08:56.166" level="INFO">Clicking element '//div[@aria-label='Choose Thursday, September 22nd, 2022']'.</msg>
<status status="PASS" starttime="20220830 13:08:56.166" endtime="20220830 13:08:56.259"/>
</kw>
<status status="PASS" starttime="20220830 13:08:56.166" endtime="20220830 13:08:56.259"/>
</kw>
<status status="PASS" starttime="20220830 13:08:56.117" endtime="20220830 13:08:56.259"/>
</kw>
<status status="PASS" starttime="20220830 13:08:55.975" endtime="20220830 13:08:56.259"/>
</kw>
<kw name="Sleep" library="BuiltIn">
<arg>2s</arg>
<doc>Pauses the test executed for the given time.</doc>
<msg timestamp="20220830 13:08:58.281" level="INFO">Slept 2 seconds</msg>
<status status="PASS" starttime="20220830 13:08:56.259" endtime="20220830 13:08:58.281"/>
</kw>
<kw name="Set Month" library="SF_UI_Keywords">
<arg>//input[@name='end_date']</arg>
<arg>September</arg>
<kw name="Click Item" library="Common">
<arg>${Locator}</arg>
<kw name="Wait Until Element Is Visible" library="SeleniumLibrary">
<arg>${locator}</arg>
<doc>Waits until the element ``locator`` is visible.</doc>
<status status="PASS" starttime="20220830 13:08:58.283" endtime="20220830 13:08:58.326"/>
</kw>
<kw name="Wait Until Keyword Succeeds" library="BuiltIn">
<arg>${TimeOut}</arg>
<arg>${Start}</arg>
<arg>SeleniumLibrary.click element</arg>
<arg>${locator}</arg>
<doc>Runs the specified keyword and retries if it fails.</doc>
<kw name="Click Element" library="SeleniumLibrary">
<arg>${locator}</arg>
<doc>Click the element identified by ``locator``.</doc>
<msg timestamp="20220830 13:08:58.326" level="INFO">Clicking element '//input[@name='end_date']'.</msg>
<status status="PASS" starttime="20220830 13:08:58.326" endtime="20220830 13:08:58.453"/>
</kw>
<status status="PASS" starttime="20220830 13:08:58.326" endtime="20220830 13:08:58.453"/>
</kw>
<status status="PASS" starttime="20220830 13:08:58.283" endtime="20220830 13:08:58.453"/>
</kw>
<kw name="Set Dropdown5" library="Common">
<arg>//select[@class='react-datepicker__month-select']</arg>
<arg>${Month}</arg>
<kw name="Click Item" library="Common">
<arg>${dropdown}</arg>
<kw name="Wait Until Element Is Visible" library="SeleniumLibrary">
<arg>${locator}</arg>
<doc>Waits until the element ``locator`` is visible.</doc>
<status status="PASS" starttime="20220830 13:08:58.453" endtime="20220830 13:08:58.494"/>
</kw>
<kw name="Wait Until Keyword Succeeds" library="BuiltIn">
<arg>${TimeOut}</arg>
<arg>${Start}</arg>
<arg>SeleniumLibrary.click element</arg>
<arg>${locator}</arg>
<doc>Runs the specified keyword and retries if it fails.</doc>
<kw name="Click Element" library="SeleniumLibrary">
<arg>${locator}</arg>
<doc>Click the element identified by ``locator``.</doc>
<msg timestamp="20220830 13:08:58.503" level="INFO">Clicking element '//select[@class='react-datepicker__month-select']'.</msg>
<status status="PASS" starttime="20220830 13:08:58.503" endtime="20220830 13:08:58.632"/>
</kw>
<status status="PASS" starttime="20220830 13:08:58.494" endtime="20220830 13:08:58.632"/>
</kw>
<status status="PASS" starttime="20220830 13:08:58.453" endtime="20220830 13:08:58.633"/>
</kw>
<kw name="Execute Javascript" library="SeleniumLibrary">
<var>${bool}</var>
<arg>var a = document.querySelectorAll('input[type=radio]');for(var i=0;i&lt;a.length;i++){if(a[i].checked==true &amp;&amp; a[i].nextSibling.innerHTML.trim() === '${Month}') return true; else return false;}</arg>
<doc>Executes the given JavaScript code with possible arguments.</doc>
<msg timestamp="20220830 13:08:58.635" level="INFO">Executing JavaScript:
var a = document.querySelectorAll('input[type=radio]');for(var i=0;i&lt;a.length;i++){if(a[i].checked==true &amp;&amp; a[i].nextSibling.innerHTML.trim() === 'September') return true; else return false;}
Without any arguments.</msg>
<msg timestamp="20220830 13:08:58.646" level="INFO">${bool} = None</msg>
<status status="PASS" starttime="20220830 13:08:58.634" endtime="20220830 13:08:58.646"/>
</kw>
<kw name="Log To Console" library="BuiltIn">
<arg>------------------------</arg>
<doc>Logs the given message to the console.</doc>
<status status="PASS" starttime="20220830 13:08:58.646" endtime="20220830 13:08:58.650"/>
</kw>
<kw name="Log To Console" library="BuiltIn">
<arg>${bool}</arg>
<doc>Logs the given message to the console.</doc>
<status status="PASS" starttime="20220830 13:08:58.650" endtime="20220830 13:08:58.650"/>
</kw>
<kw name="Log To Console" library="BuiltIn">
<arg>------------------------</arg>
<doc>Logs the given message to the console.</doc>
<status status="PASS" starttime="20220830 13:08:58.650" endtime="20220830 13:08:58.653"/>
</kw>
<if>
<branch type="IF" condition="not ${bool}">
<kw name="Click Item" library="Common">
<arg>//option[text()='${Month}']</arg>
<kw name="Wait Until Element Is Visible" library="SeleniumLibrary">
<arg>${locator}</arg>
<doc>Waits until the element ``locator`` is visible.</doc>
<status status="PASS" starttime="20220830 13:08:58.653" endtime="20220830 13:08:58.703"/>
</kw>
<kw name="Wait Until Keyword Succeeds" library="BuiltIn">
<arg>${TimeOut}</arg>
<arg>${Start}</arg>
<arg>SeleniumLibrary.click element</arg>
<arg>${locator}</arg>
<doc>Runs the specified keyword and retries if it fails.</doc>
<kw name="Click Element" library="SeleniumLibrary">
<arg>${locator}</arg>
<doc>Click the element identified by ``locator``.</doc>
<msg timestamp="20220830 13:08:58.703" level="INFO">Clicking element '//option[text()='September']'.</msg>
<status status="PASS" starttime="20220830 13:08:58.703" endtime="20220830 13:08:58.789"/>
</kw>
<status status="PASS" starttime="20220830 13:08:58.703" endtime="20220830 13:08:58.789"/>
</kw>
<status status="PASS" starttime="20220830 13:08:58.653" endtime="20220830 13:08:58.789"/>
</kw>
<status status="PASS" starttime="20220830 13:08:58.653" endtime="20220830 13:08:58.789"/>
</branch>
<status status="PASS" starttime="20220830 13:08:58.653" endtime="20220830 13:08:58.789"/>
</if>
<status status="PASS" starttime="20220830 13:08:58.453" endtime="20220830 13:08:58.789"/>
</kw>
<status status="PASS" starttime="20220830 13:08:58.281" endtime="20220830 13:08:58.789"/>
</kw>
<kw name="Sleep" library="BuiltIn">
<arg>4s</arg>
<doc>Pauses the test executed for the given time.</doc>
<msg timestamp="20220830 13:09:02.794" level="INFO">Slept 4 seconds</msg>
<status status="PASS" starttime="20220830 13:08:58.789" endtime="20220830 13:09:02.794"/>
</kw>
<kw name="Set Date" library="SF_UI_Keywords">
<arg>//input[@name='end_date']</arg>
<arg>${EndDate}</arg>
<kw name="Click Item" library="Common">
<arg>${Locator}</arg>
<kw name="Wait Until Element Is Visible" library="SeleniumLibrary">
<arg>${locator}</arg>
<doc>Waits until the element ``locator`` is visible.</doc>
<status status="PASS" starttime="20220830 13:09:02.794" endtime="20220830 13:09:02.835"/>
</kw>
<kw name="Wait Until Keyword Succeeds" library="BuiltIn">
<arg>${TimeOut}</arg>
<arg>${Start}</arg>
<arg>SeleniumLibrary.click element</arg>
<arg>${locator}</arg>
<doc>Runs the specified keyword and retries if it fails.</doc>
<kw name="Click Element" library="SeleniumLibrary">
<arg>${locator}</arg>
<doc>Click the element identified by ``locator``.</doc>
<msg timestamp="20220830 13:09:02.835" level="INFO">Clicking element '//input[@name='end_date']'.</msg>
<status status="PASS" starttime="20220830 13:09:02.835" endtime="20220830 13:09:02.958"/>
</kw>
<status status="PASS" starttime="20220830 13:09:02.835" endtime="20220830 13:09:02.958"/>
</kw>
<status status="PASS" starttime="20220830 13:09:02.794" endtime="20220830 13:09:02.958"/>
</kw>
<kw name="Click Item" library="Common">
<arg>//div[@aria-label='${Date}']</arg>
<kw name="Wait Until Element Is Visible" library="SeleniumLibrary">
<arg>${locator}</arg>
<doc>Waits until the element ``locator`` is visible.</doc>
<status status="PASS" starttime="20220830 13:09:02.958" endtime="20220830 13:09:02.994"/>
</kw>
<kw name="Wait Until Keyword Succeeds" library="BuiltIn">
<arg>${TimeOut}</arg>
<arg>${Start}</arg>
<arg>SeleniumLibrary.click element</arg>
<arg>${locator}</arg>
<doc>Runs the specified keyword and retries if it fails.</doc>
<kw name="Click Element" library="SeleniumLibrary">
<arg>${locator}</arg>
<doc>Click the element identified by ``locator``.</doc>
<msg timestamp="20220830 13:09:03.002" level="INFO">Clicking element '//div[@aria-label='Choose Thursday, September 22nd, 2022']'.</msg>
<status status="PASS" starttime="20220830 13:09:03.002" endtime="20220830 13:09:03.125"/>
</kw>
<status status="PASS" starttime="20220830 13:09:02.994" endtime="20220830 13:09:03.125"/>
</kw>
<status status="PASS" starttime="20220830 13:09:02.958" endtime="20220830 13:09:03.125"/>
</kw>
<status status="PASS" starttime="20220830 13:09:02.794" endtime="20220830 13:09:03.125"/>
</kw>
<kw name="Start Time" library="SF_UI_Keywords">
<arg>//input[@name='start_time']</arg>
<arg>${StartTime}</arg>
<kw name="Click Item" library="Common">
<arg>${Locator}</arg>
<kw name="Wait Until Element Is Visible" library="SeleniumLibrary">
<arg>${locator}</arg>
<doc>Waits until the element ``locator`` is visible.</doc>
<status status="PASS" starttime="20220830 13:09:03.125" endtime="20220830 13:09:03.175"/>
</kw>
<kw name="Wait Until Keyword Succeeds" library="BuiltIn">
<arg>${TimeOut}</arg>
<arg>${Start}</arg>
<arg>SeleniumLibrary.click element</arg>
<arg>${locator}</arg>
<doc>Runs the specified keyword and retries if it fails.</doc>
<kw name="Click Element" library="SeleniumLibrary">
<arg>${locator}</arg>
<doc>Click the element identified by ``locator``.</doc>
<msg timestamp="20220830 13:09:03.175" level="INFO">Clicking element '//input[@name='start_time']'.</msg>
<status status="PASS" starttime="20220830 13:09:03.175" endtime="20220830 13:09:03.322"/>
</kw>
<status status="PASS" starttime="20220830 13:09:03.175" endtime="20220830 13:09:03.322"/>
</kw>
<status status="PASS" starttime="20220830 13:09:03.125" endtime="20220830 13:09:03.322"/>
</kw>
<kw name="Click Item" library="Common">
<arg>//li[normalize-space()='${StartTime}']</arg>
<kw name="Wait Until Element Is Visible" library="SeleniumLibrary">
<arg>${locator}</arg>
<doc>Waits until the element ``locator`` is visible.</doc>
<status status="PASS" starttime="20220830 13:09:03.322" endtime="20220830 13:09:03.364"/>
</kw>
<kw name="Wait Until Keyword Succeeds" library="BuiltIn">
<arg>${TimeOut}</arg>
<arg>${Start}</arg>
<arg>SeleniumLibrary.click element</arg>
<arg>${locator}</arg>
<doc>Runs the specified keyword and retries if it fails.</doc>
<kw name="Click Element" library="SeleniumLibrary">
<arg>${locator}</arg>
<doc>Click the element identified by ``locator``.</doc>
<msg timestamp="20220830 13:09:03.364" level="INFO">Clicking element '//li[normalize-space()='1:00 PM']'.</msg>
<status status="PASS" starttime="20220830 13:09:03.364" endtime="20220830 13:09:03.459"/>
</kw>
<status status="PASS" starttime="20220830 13:09:03.364" endtime="20220830 13:09:03.459"/>
</kw>
<status status="PASS" starttime="20220830 13:09:03.322" endtime="20220830 13:09:03.459"/>
</kw>
<status status="PASS" starttime="20220830 13:09:03.125" endtime="20220830 13:09:03.459"/>
</kw>
<kw name="End Time" library="SF_UI_Keywords">
<arg>//input[@name='end_time']</arg>
<arg>${EndTime}</arg>
<kw name="Click Item" library="Common">
<arg>${Locator}</arg>
<kw name="Wait Until Element Is Visible" library="SeleniumLibrary">
<arg>${locator}</arg>
<doc>Waits until the element ``locator`` is visible.</doc>
<status status="PASS" starttime="20220830 13:09:03.459" endtime="20220830 13:09:03.510"/>
</kw>
<kw name="Wait Until Keyword Succeeds" library="BuiltIn">
<arg>${TimeOut}</arg>
<arg>${Start}</arg>
<arg>SeleniumLibrary.click element</arg>
<arg>${locator}</arg>
<doc>Runs the specified keyword and retries if it fails.</doc>
<kw name="Click Element" library="SeleniumLibrary">
<arg>${locator}</arg>
<doc>Click the element identified by ``locator``.</doc>
<msg timestamp="20220830 13:09:03.510" level="INFO">Clicking element '//input[@name='end_time']'.</msg>
<status status="PASS" starttime="20220830 13:09:03.510" endtime="20220830 13:09:03.635"/>
</kw>
<status status="PASS" starttime="20220830 13:09:03.510" endtime="20220830 13:09:03.635"/>
</kw>
<status status="PASS" starttime="20220830 13:09:03.459" endtime="20220830 13:09:03.635"/>
</kw>
<kw name="Click Item" library="Common">
<arg>//li[normalize-space()='${EndTime}']</arg>
<kw name="Wait Until Element Is Visible" library="SeleniumLibrary">
<arg>${locator}</arg>
<doc>Waits until the element ``locator`` is visible.</doc>
<status status="PASS" starttime="20220830 13:09:03.635" endtime="20220830 13:09:03.677"/>
</kw>
<kw name="Wait Until Keyword Succeeds" library="BuiltIn">
<arg>${TimeOut}</arg>
<arg>${Start}</arg>
<arg>SeleniumLibrary.click element</arg>
<arg>${locator}</arg>
<doc>Runs the specified keyword and retries if it fails.</doc>
<kw name="Click Element" library="SeleniumLibrary">
<arg>${locator}</arg>
<doc>Click the element identified by ``locator``.</doc>
<msg timestamp="20220830 13:09:03.677" level="INFO">Clicking element '//li[normalize-space()='2:00 PM']'.</msg>
<status status="PASS" starttime="20220830 13:09:03.677" endtime="20220830 13:09:03.783"/>
</kw>
<status status="PASS" starttime="20220830 13:09:03.677" endtime="20220830 13:09:03.792"/>
</kw>
<status status="PASS" starttime="20220830 13:09:03.635" endtime="20220830 13:09:03.792"/>
</kw>
<status status="PASS" starttime="20220830 13:09:03.459" endtime="20220830 13:09:03.792"/>
</kw>
<kw name="Click Item" library="Common">
<arg>//label[text()='Web']</arg>
<kw name="Wait Until Element Is Visible" library="SeleniumLibrary">
<arg>${locator}</arg>
<doc>Waits until the element ``locator`` is visible.</doc>
<status status="PASS" starttime="20220830 13:09:03.792" endtime="20220830 13:09:03.850"/>
</kw>
<kw name="Wait Until Keyword Succeeds" library="BuiltIn">
<arg>${TimeOut}</arg>
<arg>${Start}</arg>
<arg>SeleniumLibrary.click element</arg>
<arg>${locator}</arg>
<doc>Runs the specified keyword and retries if it fails.</doc>
<kw name="Click Element" library="SeleniumLibrary">
<arg>${locator}</arg>
<doc>Click the element identified by ``locator``.</doc>
<msg timestamp="20220830 13:09:03.851" level="INFO">Clicking element '//label[text()='Web']'.</msg>
<status status="PASS" starttime="20220830 13:09:03.851" endtime="20220830 13:09:03.970"/>
</kw>
<status status="PASS" starttime="20220830 13:09:03.851" endtime="20220830 13:09:03.978"/>
</kw>
<status status="PASS" starttime="20220830 13:09:03.792" endtime="20220830 13:09:03.978"/>
</kw>
<kw name="Click Item" library="Common">
<arg>//label[text()='Mobile']</arg>
<kw name="Wait Until Element Is Visible" library="SeleniumLibrary">
<arg>${locator}</arg>
<doc>Waits until the element ``locator`` is visible.</doc>
<status status="PASS" starttime="20220830 13:09:03.978" endtime="20220830 13:09:04.027"/>
</kw>
<kw name="Wait Until Keyword Succeeds" library="BuiltIn">
<arg>${TimeOut}</arg>
<arg>${Start}</arg>
<arg>SeleniumLibrary.click element</arg>
<arg>${locator}</arg>
<doc>Runs the specified keyword and retries if it fails.</doc>
<kw name="Click Element" library="SeleniumLibrary">
<arg>${locator}</arg>
<doc>Click the element identified by ``locator``.</doc>
<msg timestamp="20220830 13:09:04.027" level="INFO">Clicking element '//label[text()='Mobile']'.</msg>
<status status="PASS" starttime="20220830 13:09:04.027" endtime="20220830 13:09:04.135"/>
</kw>
<status status="PASS" starttime="20220830 13:09:04.027" endtime="20220830 13:09:04.135"/>
</kw>
<status status="PASS" starttime="20220830 13:09:03.978" endtime="20220830 13:09:04.135"/>
</kw>
<kw name="Set Dropdown3" library="Common">
<arg>//div[@class='select-form__input-container css-ackcql']</arg>
<arg>${Participants}</arg>
<kw name="Click Element" library="SeleniumLibrary">
<arg>${dropdown}</arg>
<doc>Click the element identified by ``locator``.</doc>
<msg timestamp="20220830 13:09:04.143" level="INFO">Clicking element '//div[@class='select-form__input-container css-ackcql']'.</msg>
<status status="PASS" starttime="20220830 13:09:04.135" endtime="20220830 13:09:04.246"/>
</kw>
<kw name="Execute Javascript" library="SeleniumLibrary">
<var>${bool}</var>
<arg>var a = document.querySelectorAll('input[type=radio]');for(var i=0;i&lt;a.length;i++){if(a[i].checked==true &amp;&amp; a[i].nextSibling.innerHTML.trim() === '${locator_div}') return true; else return false;}</arg>
<doc>Executes the given JavaScript code with possible arguments.</doc>
<msg timestamp="20220830 13:09:04.250" level="INFO">Executing JavaScript:
var a = document.querySelectorAll('input[type=radio]');for(var i=0;i&lt;a.length;i++){if(a[i].checked==true &amp;&amp; a[i].nextSibling.innerHTML.trim() === 'Bulk Upload') return true; else return false;}
Without any arguments.</msg>
<msg timestamp="20220830 13:09:04.258" level="INFO">${bool} = None</msg>
<status status="PASS" starttime="20220830 13:09:04.246" endtime="20220830 13:09:04.258"/>
</kw>
<kw name="Log To Console" library="BuiltIn">
<arg>------------------------</arg>
<doc>Logs the given message to the console.</doc>
<status status="PASS" starttime="20220830 13:09:04.258" endtime="20220830 13:09:04.258"/>
</kw>
<kw name="Log To Console" library="BuiltIn">
<arg>${bool}</arg>
<doc>Logs the given message to the console.</doc>
<status status="PASS" starttime="20220830 13:09:04.258" endtime="20220830 13:09:04.258"/>
</kw>
<kw name="Log To Console" library="BuiltIn">
<arg>------------------------</arg>
<doc>Logs the given message to the console.</doc>
<status status="PASS" starttime="20220830 13:09:04.258" endtime="20220830 13:09:04.258"/>
</kw>
<if>
<branch type="IF" condition="not ${bool}">
<kw name="Click Element" library="SeleniumLibrary">
<arg>//div[@aria-disabled='false' and text()='${locator_div}']</arg>
<doc>Click the element identified by ``locator``.</doc>
<msg timestamp="20220830 13:09:04.258" level="INFO">Clicking element '//div[@aria-disabled='false' and text()='Bulk Upload']'.</msg>
<status status="PASS" starttime="20220830 13:09:04.258" endtime="20220830 13:09:04.379"/>
</kw>
<status status="PASS" starttime="20220830 13:09:04.258" endtime="20220830 13:09:04.379"/>
</branch>
<status status="PASS" starttime="20220830 13:09:04.258" endtime="20220830 13:09:04.379"/>
</if>
<status status="PASS" starttime="20220830 13:09:04.135" endtime="20220830 13:09:04.381"/>
</kw>
<if>
<branch type="IF" condition="'${Participants}' == 'Bulk Upload'">
<kw name="File Uplaod" library="SF_UI_Keywords">
<arg>//input[@id='filed_bulkUpload']</arg>
<arg>${BulkUploadFilePath}</arg>
<kw name="Scroll Element Into View" library="SeleniumLibrary">
<arg>${locator}</arg>
<doc>Scrolls the element identified by ``locator`` into view.</doc>
<status status="PASS" starttime="20220830 13:09:04.383" endtime="20220830 13:09:04.692"/>
</kw>
<kw name="Sleep" library="BuiltIn">
<arg>4s</arg>
<doc>Pauses the test executed for the given time.</doc>
<msg timestamp="20220830 13:09:08.694" level="INFO">Slept 4 seconds</msg>
<status status="PASS" starttime="20220830 13:09:04.692" endtime="20220830 13:09:08.694"/>
</kw>
<kw name="Choose File" library="SeleniumLibrary">
<arg>${locator}</arg>
<arg>${FilePath}</arg>
<doc>Inputs the ``file_path`` into the file input field ``locator``.</doc>
<msg timestamp="20220830 13:09:08.694" level="INFO">Sending D:\Repositories2\sf_auto_07072022\sf_auto_07072022\TestCases\Participants-bulk-upload-template.xlsx to browser.</msg>
<status status="PASS" starttime="20220830 13:09:08.694" endtime="20220830 13:09:08.768"/>
</kw>
<status status="PASS" starttime="20220830 13:09:04.382" endtime="20220830 13:09:08.768"/>
</kw>
<kw name="Click Item" library="Common">
<arg>//div[normalize-space()='Save']</arg>
<kw name="Wait Until Element Is Visible" library="SeleniumLibrary">
<arg>${locator}</arg>
<doc>Waits until the element ``locator`` is visible.</doc>
<status status="PASS" starttime="20220830 13:09:08.771" endtime="20220830 13:09:08.817"/>
</kw>
<kw name="Wait Until Keyword Succeeds" library="BuiltIn">
<arg>${TimeOut}</arg>
<arg>${Start}</arg>
<arg>SeleniumLibrary.click element</arg>
<arg>${locator}</arg>
<doc>Runs the specified keyword and retries if it fails.</doc>
<kw name="Click Element" library="SeleniumLibrary">
<arg>${locator}</arg>
<doc>Click the element identified by ``locator``.</doc>
<msg timestamp="20220830 13:09:08.817" level="INFO">Clicking element '//div[normalize-space()='Save']'.</msg>
<status status="PASS" starttime="20220830 13:09:08.817" endtime="20220830 13:09:08.934"/>
</kw>
<status status="PASS" starttime="20220830 13:09:08.817" endtime="20220830 13:09:08.934"/>
</kw>
<status status="PASS" starttime="20220830 13:09:08.768" endtime="20220830 13:09:08.942"/>
</kw>
<kw name="Sleep" library="BuiltIn">
<arg>4s</arg>
<doc>Pauses the test executed for the given time.</doc>
<msg timestamp="20220830 13:09:12.951" level="INFO">Slept 4 seconds</msg>
<status status="PASS" starttime="20220830 13:09:08.942" endtime="20220830 13:09:12.951"/>
</kw>
<kw name="Click Item" library="Common">
<arg>//div[contains(@class,'btn-md float-center margin-left')]</arg>
<kw name="Wait Until Element Is Visible" library="SeleniumLibrary">
<arg>${locator}</arg>
<doc>Waits until the element ``locator`` is visible.</doc>
<status status="PASS" starttime="20220830 13:09:12.951" endtime="20220830 13:09:13.001"/>
</kw>
<kw name="Wait Until Keyword Succeeds" library="BuiltIn">
<arg>${TimeOut}</arg>
<arg>${Start}</arg>
<arg>SeleniumLibrary.click element</arg>
<arg>${locator}</arg>
<doc>Runs the specified keyword and retries if it fails.</doc>
<kw name="Click Element" library="SeleniumLibrary">
<arg>${locator}</arg>
<doc>Click the element identified by ``locator``.</doc>
<msg timestamp="20220830 13:09:13.001" level="INFO">Clicking element '//div[contains(@class,'btn-md float-center margin-left')]'.</msg>
<status status="PASS" starttime="20220830 13:09:13.001" endtime="20220830 13:09:13.110"/>
</kw>
<status status="PASS" starttime="20220830 13:09:13.001" endtime="20220830 13:09:13.110"/>
</kw>
<status status="PASS" starttime="20220830 13:09:12.951" endtime="20220830 13:09:13.110"/>
</kw>
<status status="PASS" starttime="20220830 13:09:04.382" endtime="20220830 13:09:13.110"/>
</branch>
<status status="PASS" starttime="20220830 13:09:04.381" endtime="20220830 13:09:13.110"/>
</if>
<if>
<branch type="IF" condition="'${Participants}' == 'User Wise'">
<kw name="Set Dropdown4" library="Common">
<arg>(//label[normalize-space()='User Group']/following-sibling::div//div)[2]</arg>
<arg>${UserGroup}</arg>
<status status="NOT RUN" starttime="20220830 13:09:13.110" endtime="20220830 13:09:13.110"/>
</kw>
<kw name="Sleep" library="BuiltIn">
<arg>5s</arg>
<doc>Pauses the test executed for the given time.</doc>
<status status="NOT RUN" starttime="20220830 13:09:13.110" endtime="20220830 13:09:13.110"/>
</kw>
<kw name="Click Item" library="Common">
<arg>//div[normalize-space()='Save']</arg>
<status status="NOT RUN" starttime="20220830 13:09:13.110" endtime="20220830 13:09:13.110"/>
</kw>
<kw name="Sleep" library="BuiltIn">
<arg>4s</arg>
<doc>Pauses the test executed for the given time.</doc>
<status status="NOT RUN" starttime="20220830 13:09:13.110" endtime="20220830 13:09:13.110"/>
</kw>
<kw name="Click Item" library="Common">
<arg>//div[contains(@class,'btn-md float-center margin-left')]</arg>
<status status="NOT RUN" starttime="20220830 13:09:13.110" endtime="20220830 13:09:13.110"/>
</kw>
<status status="NOT RUN" starttime="20220830 13:09:13.110" endtime="20220830 13:09:13.117"/>
</branch>
<status status="PASS" starttime="20220830 13:09:13.110" endtime="20220830 13:09:13.117"/>
</if>
<if>
<branch type="IF" condition="'${Participants}' == 'Basic Selection'">
<kw name="Set Dropdown3" library="Common">
<arg>(//label[normalize-space()='Type']/following-sibling::div//div)[2]</arg>
<arg>${Type}</arg>
<status status="NOT RUN" starttime="20220830 13:09:13.118" endtime="20220830 13:09:13.118"/>
</kw>
<kw name="Set Dropdown3" library="Common">
<arg>(//label[normalize-space()='Channel']/following-sibling::div//div)[2]</arg>
<arg>${Channel}</arg>
<status status="NOT RUN" starttime="20220830 13:09:13.118" endtime="20220830 13:09:13.118"/>
</kw>
<kw name="Click Item" library="Common">
<arg>//div[normalize-space()='Save']</arg>
<status status="NOT RUN" starttime="20220830 13:09:13.118" endtime="20220830 13:09:13.118"/>
</kw>
<kw name="Sleep" library="BuiltIn">
<arg>15s</arg>
<doc>Pauses the test executed for the given time.</doc>
<status status="NOT RUN" starttime="20220830 13:09:13.119" endtime="20220830 13:09:13.119"/>
</kw>
<kw name="Click Item" library="Common">
<arg>//div[contains(@class,'btn-md float-center margin-left')]</arg>
<status status="NOT RUN" starttime="20220830 13:09:13.119" endtime="20220830 13:09:13.119"/>
</kw>
<status status="NOT RUN" starttime="20220830 13:09:13.118" endtime="20220830 13:09:13.119"/>
</branch>
<status status="PASS" starttime="20220830 13:09:13.117" endtime="20220830 13:09:13.119"/>
</if>
<kw name="Sleep" library="BuiltIn">
<arg>10s</arg>
<doc>Pauses the test executed for the given time.</doc>
<msg timestamp="20220830 13:09:23.133" level="INFO">Slept 10 seconds</msg>
<status status="PASS" starttime="20220830 13:09:13.119" endtime="20220830 13:09:23.134"/>
</kw>
<status status="PASS" starttime="20220830 13:08:07.165" endtime="20220830 13:09:23.134"/>
</kw>
<kw name="Add Shedule To Banner of Type Internal" library="SF_UI_Keywords">
<arg>TC_001</arg>
<arg>TD_02</arg>
<kw name="Fetch From Excel" library="Read_TestData_Keyword">
<var>${data}</var>
<arg>${SMARTFREN_TESTDATA}</arg>
<arg>BannerConfiguration</arg>
<arg>${caseID}</arg>
<arg>${dataID}</arg>
<kw name="Fetch From ExcelData" library="ReadDataFromExcel">
<var>${celldata}</var>
<arg>${filename}</arg>
<arg>${sheetname}</arg>
<arg>${TestCaseID}</arg>
<arg>${TestDataID}</arg>
<msg timestamp="20220830 13:09:23.301" level="INFO">${celldata} =            DUPLICATE_ENTRY TestCaseId TestDataId           Title        NewTitle  ...                    Channel         Region     Cluster OutletType  OutletClass
TestDataId                          ...</msg>
<status status="PASS" starttime="20220830 13:09:23.135" endtime="20220830 13:09:23.301"/>
</kw>
<msg timestamp="20220830 13:09:23.352" level="INFO">${data} =            DUPLICATE_ENTRY TestCaseId TestDataId           Title        NewTitle  ...                    Channel         Region     Cluster OutletType  OutletClass
TestDataId                          ...</msg>
<status status="PASS" starttime="20220830 13:09:23.135" endtime="20220830 13:09:23.352"/>
</kw>
<kw name="Get Data" library="ReadDataFromExcel">
<var>${StartDate}</var>
<arg>${data}</arg>
<arg>StartDate</arg>
<msg timestamp="20220830 13:09:23.360" level="INFO">${StartDate} = Choose Thursday, September 22nd, 2022</msg>
<status status="PASS" starttime="20220830 13:09:23.352" endtime="20220830 13:09:23.360"/>
</kw>
<kw name="Get Data" library="ReadDataFromExcel">
<var>${EndDate}</var>
<arg>${data}</arg>
<arg>EndDate</arg>
<msg timestamp="20220830 13:09:23.360" level="INFO">${EndDate} = Choose Thursday, September 22nd, 2022</msg>
<status status="PASS" starttime="20220830 13:09:23.360" endtime="20220830 13:09:23.360"/>
</kw>
<kw name="Get Data" library="ReadDataFromExcel">
<var>${StartTime}</var>
<arg>${data}</arg>
<arg>StartTime</arg>
<msg timestamp="20220830 13:09:23.369" level="INFO">${StartTime} = 3:00 PM</msg>
<status status="PASS" starttime="20220830 13:09:23.360" endtime="20220830 13:09:23.369"/>
</kw>
<kw name="Get Data" library="ReadDataFromExcel">
<var>${EndTime}</var>
<arg>${data}</arg>
<arg>EndTime</arg>
<msg timestamp="20220830 13:09:23.369" level="INFO">${EndTime} = 4:30 PM</msg>
<status status="PASS" starttime="20220830 13:09:23.369" endtime="20220830 13:09:23.369"/>
</kw>
<kw name="Get Data" library="ReadDataFromExcel">
<var>${Participants}</var>
<arg>${data}</arg>
<arg>Participants</arg>
<msg timestamp="20220830 13:09:23.377" level="INFO">${Participants} = Bulk Upload</msg>
<status status="PASS" starttime="20220830 13:09:23.369" endtime="20220830 13:09:23.377"/>
</kw>
<kw name="Get Data" library="ReadDataFromExcel">
<var>${BulkUploadFilePath}</var>
<arg>${data}</arg>
<arg>BulkUploadFilePath</arg>
<msg timestamp="20220830 13:09:23.377" level="INFO">${BulkUploadFilePath} = D:/Repositories2/sf_auto_07072022/sf_auto_07072022/TestCases/Participants-bulk-upload-template.xlsx</msg>
<status status="PASS" starttime="20220830 13:09:23.377" endtime="20220830 13:09:23.377"/>
</kw>
<kw name="Get Data" library="ReadDataFromExcel">
<var>${UserGroup}</var>
<arg>${data}</arg>
<arg>UserGroup</arg>
<msg timestamp="20220830 13:09:23.384" level="INFO">${UserGroup} = 84</msg>
<status status="PASS" starttime="20220830 13:09:23.377" endtime="20220830 13:09:23.384"/>
</kw>
<kw name="Get Data" library="ReadDataFromExcel">
<var>${EmployeeId}</var>
<arg>${data}</arg>
<arg>EmployeeId</arg>
<msg timestamp="20220830 13:09:23.384" level="INFO">${EmployeeId} = smile outlet</msg>
<status status="PASS" starttime="20220830 13:09:23.384" endtime="20220830 13:09:23.384"/>
</kw>
<kw name="Get Data" library="ReadDataFromExcel">
<var>${Type}</var>
<arg>${data}</arg>
<arg>Type</arg>
<msg timestamp="20220830 13:09:23.392" level="INFO">${Type} = Outlet</msg>
<status status="PASS" starttime="20220830 13:09:23.384" endtime="20220830 13:09:23.392"/>
</kw>
<kw name="Get Data" library="ReadDataFromExcel">
<var>${Channel}</var>
<arg>${data}</arg>
<arg>Channel</arg>
<msg timestamp="20220830 13:09:23.392" level="INFO">${Channel} = Traditional (Trade Telco)</msg>
<status status="PASS" starttime="20220830 13:09:23.392" endtime="20220830 13:09:23.392"/>
</kw>
<kw name="Get Data" library="ReadDataFromExcel">
<var>${Title}</var>
<arg>${data}</arg>
<arg>Title</arg>
<msg timestamp="20220830 13:09:23.392" level="INFO">${Title} = INT_BAN_AUTO38</msg>
<status status="PASS" starttime="20220830 13:09:23.392" endtime="20220830 13:09:23.401"/>
</kw>
<kw name="Click Item" library="Common">
<arg>(//i[@class='fa fa-search'])[2]</arg>
<kw name="Wait Until Element Is Visible" library="SeleniumLibrary">
<arg>${locator}</arg>
<doc>Waits until the element ``locator`` is visible.</doc>
<status status="PASS" starttime="20220830 13:09:23.401" endtime="20220830 13:09:23.443"/>
</kw>
<kw name="Wait Until Keyword Succeeds" library="BuiltIn">
<arg>${TimeOut}</arg>
<arg>${Start}</arg>
<arg>SeleniumLibrary.click element</arg>
<arg>${locator}</arg>
<doc>Runs the specified keyword and retries if it fails.</doc>
<kw name="Click Element" library="SeleniumLibrary">
<arg>${locator}</arg>
<doc>Click the element identified by ``locator``.</doc>
<msg timestamp="20220830 13:09:23.443" level="INFO">Clicking element '(//i[@class='fa fa-search'])[2]'.</msg>
<status status="PASS" starttime="20220830 13:09:23.443" endtime="20220830 13:09:23.539"/>
</kw>
<status status="PASS" starttime="20220830 13:09:23.443" endtime="20220830 13:09:23.539"/>
</kw>
<status status="PASS" starttime="20220830 13:09:23.401" endtime="20220830 13:09:23.539"/>
</kw>
<kw name="Set Input" library="Common">
<arg>//input[@class='data-Table-common_search form-control-sm form-control']</arg>
<arg>${Title}</arg>
<kw name="Wait Until Element Is Visible" library="SeleniumLibrary">
<arg>${locator}</arg>
<doc>Waits until the element ``locator`` is visible.</doc>
<status status="PASS" starttime="20220830 13:09:23.539" endtime="20220830 13:09:23.577"/>
</kw>
<kw name="Wait Until Keyword Succeeds" library="BuiltIn">
<arg>${TimeOut}</arg>
<arg>${Start}</arg>
<arg>SeleniumLibrary.click element</arg>
<arg>${locator}</arg>
<doc>Runs the specified keyword and retries if it fails.</doc>
<kw name="Click Element" library="SeleniumLibrary">
<arg>${locator}</arg>
<doc>Click the element identified by ``locator``.</doc>
<msg timestamp="20220830 13:09:23.585" level="INFO">Clicking element '//input[@class='data-Table-common_search form-control-sm form-control']'.</msg>
<status status="PASS" starttime="20220830 13:09:23.585" endtime="20220830 13:09:23.673"/>
</kw>
<status status="PASS" starttime="20220830 13:09:23.577" endtime="20220830 13:09:23.673"/>
</kw>
<kw name="Click Element" library="SeleniumLibrary">
<arg>${locator}</arg>
<doc>Click the element identified by ``locator``.</doc>
<msg timestamp="20220830 13:09:23.673" level="INFO">Clicking element '//input[@class='data-Table-common_search form-control-sm form-control']'.</msg>
<status status="PASS" starttime="20220830 13:09:23.673" endtime="20220830 13:09:23.740"/>
</kw>
<kw name="Run Keyword If" library="BuiltIn">
<arg>'${value}' == 'nan'</arg>
<arg>Log To Console</arg>
<arg>NANACONDITION</arg>
<arg>ELSE IF</arg>
<arg>'${value}' == 'BLANK'</arg>
<arg>Wait Until Keyword Succeeds</arg>
<arg>${TimeOut}</arg>
<arg>${Start}</arg>
<arg>SeleniumLibrary.Input Text</arg>
<arg>${locator}</arg>
<arg>ELSE</arg>
<arg>Wait Until Keyword Succeeds</arg>
<arg>${TimeOut}</arg>
<arg>${Start}</arg>
<arg>SeleniumLibrary.Input Text</arg>
<arg>${locator}</arg>
<arg>${value}</arg>
<doc>Runs the given keyword with the given arguments, if ``condition`` is true.</doc>
<kw name="Wait Until Keyword Succeeds" library="BuiltIn">
<arg>${TimeOut}</arg>
<arg>${Start}</arg>
<arg>SeleniumLibrary.Input Text</arg>
<arg>${locator}</arg>
<arg>${value}</arg>
<doc>Runs the specified keyword and retries if it fails.</doc>
<kw name="Input Text" library="SeleniumLibrary">
<arg>${locator}</arg>
<arg>${value}</arg>
<doc>Types the given ``text`` into the text field identified by ``locator``.</doc>
<msg timestamp="20220830 13:09:23.749" level="INFO">Typing text 'INT_BAN_AUTO38' into text field '//input[@class='data-Table-common_search form-control-sm form-control']'.</msg>
<status status="PASS" starttime="20220830 13:09:23.749" endtime="20220830 13:09:24.163"/>
</kw>
<status status="PASS" starttime="20220830 13:09:23.740" endtime="20220830 13:09:24.163"/>
</kw>
<status status="PASS" starttime="20220830 13:09:23.740" endtime="20220830 13:09:24.163"/>
</kw>
<status status="PASS" starttime="20220830 13:09:23.539" endtime="20220830 13:09:24.163"/>
</kw>
<kw name="Sleep" library="BuiltIn">
<arg>2s</arg>
<doc>Pauses the test executed for the given time.</doc>
<msg timestamp="20220830 13:09:26.168" level="INFO">Slept 2 seconds</msg>
<status status="PASS" starttime="20220830 13:09:24.163" endtime="20220830 13:09:26.168"/>
</kw>
<kw name="Click Item" library="Common">
<arg>//img[@class='kms-table-link-img ml-1 cursor-pointer']</arg>
<kw name="Wait Until Element Is Visible" library="SeleniumLibrary">
<arg>${locator}</arg>
<doc>Waits until the element ``locator`` is visible.</doc>
<status status="PASS" starttime="20220830 13:09:26.170" endtime="20220830 13:09:26.226"/>
</kw>
<kw name="Wait Until Keyword Succeeds" library="BuiltIn">
<arg>${TimeOut}</arg>
<arg>${Start}</arg>
<arg>SeleniumLibrary.click element</arg>
<arg>${locator}</arg>
<doc>Runs the specified keyword and retries if it fails.</doc>
<kw name="Click Element" library="SeleniumLibrary">
<arg>${locator}</arg>
<doc>Click the element identified by ``locator``.</doc>
<msg timestamp="20220830 13:09:26.226" level="INFO">Clicking element '//img[@class='kms-table-link-img ml-1 cursor-pointer']'.</msg>
<status status="PASS" starttime="20220830 13:09:26.226" endtime="20220830 13:09:26.380"/>
</kw>
<status status="PASS" starttime="20220830 13:09:26.226" endtime="20220830 13:09:26.380"/>
</kw>
<status status="PASS" starttime="20220830 13:09:26.168" endtime="20220830 13:09:26.380"/>
</kw>
<kw name="Set Month" library="SF_UI_Keywords">
<arg>//input[@name='start_date']</arg>
<arg>September</arg>
<kw name="Click Item" library="Common">
<arg>${Locator}</arg>
<kw name="Wait Until Element Is Visible" library="SeleniumLibrary">
<arg>${locator}</arg>
<doc>Waits until the element ``locator`` is visible.</doc>
<status status="PASS" starttime="20220830 13:09:26.380" endtime="20220830 13:09:26.685"/>
</kw>
<kw name="Wait Until Keyword Succeeds" library="BuiltIn">
<arg>${TimeOut}</arg>
<arg>${Start}</arg>
<arg>SeleniumLibrary.click element</arg>
<arg>${locator}</arg>
<doc>Runs the specified keyword and retries if it fails.</doc>
<kw name="Click Element" library="SeleniumLibrary">
<arg>${locator}</arg>
<doc>Click the element identified by ``locator``.</doc>
<msg timestamp="20220830 13:09:26.685" level="INFO">Clicking element '//input[@name='start_date']'.</msg>
<status status="PASS" starttime="20220830 13:09:26.685" endtime="20220830 13:09:26.852"/>
</kw>
<status status="PASS" starttime="20220830 13:09:26.685" endtime="20220830 13:09:26.852"/>
</kw>
<status status="PASS" starttime="20220830 13:09:26.380" endtime="20220830 13:09:26.853"/>
</kw>
<kw name="Set Dropdown5" library="Common">
<arg>//select[@class='react-datepicker__month-select']</arg>
<arg>${Month}</arg>
<kw name="Click Item" library="Common">
<arg>${dropdown}</arg>
<kw name="Wait Until Element Is Visible" library="SeleniumLibrary">
<arg>${locator}</arg>
<doc>Waits until the element ``locator`` is visible.</doc>
<status status="PASS" starttime="20220830 13:09:26.856" endtime="20220830 13:09:26.930"/>
</kw>
<kw name="Wait Until Keyword Succeeds" library="BuiltIn">
<arg>${TimeOut}</arg>
<arg>${Start}</arg>
<arg>SeleniumLibrary.click element</arg>
<arg>${locator}</arg>
<doc>Runs the specified keyword and retries if it fails.</doc>
<kw name="Click Element" library="SeleniumLibrary">
<arg>${locator}</arg>
<doc>Click the element identified by ``locator``.</doc>
<msg timestamp="20220830 13:09:26.931" level="INFO">Clicking element '//select[@class='react-datepicker__month-select']'.</msg>
<status status="PASS" starttime="20220830 13:09:26.931" endtime="20220830 13:09:27.072"/>
</kw>
<status status="PASS" starttime="20220830 13:09:26.931" endtime="20220830 13:09:27.072"/>
</kw>
<status status="PASS" starttime="20220830 13:09:26.854" endtime="20220830 13:09:27.072"/>
</kw>
<kw name="Execute Javascript" library="SeleniumLibrary">
<var>${bool}</var>
<arg>var a = document.querySelectorAll('input[type=radio]');for(var i=0;i&lt;a.length;i++){if(a[i].checked==true &amp;&amp; a[i].nextSibling.innerHTML.trim() === '${Month}') return true; else return false;}</arg>
<doc>Executes the given JavaScript code with possible arguments.</doc>
<msg timestamp="20220830 13:09:27.074" level="INFO">Executing JavaScript:
var a = document.querySelectorAll('input[type=radio]');for(var i=0;i&lt;a.length;i++){if(a[i].checked==true &amp;&amp; a[i].nextSibling.innerHTML.trim() === 'September') return true; else return false;}
Without any arguments.</msg>
<msg timestamp="20220830 13:09:27.085" level="INFO">${bool} = None</msg>
<status status="PASS" starttime="20220830 13:09:27.073" endtime="20220830 13:09:27.085"/>
</kw>
<kw name="Log To Console" library="BuiltIn">
<arg>------------------------</arg>
<doc>Logs the given message to the console.</doc>
<status status="PASS" starttime="20220830 13:09:27.085" endtime="20220830 13:09:27.085"/>
</kw>
<kw name="Log To Console" library="BuiltIn">
<arg>${bool}</arg>
<doc>Logs the given message to the console.</doc>
<status status="PASS" starttime="20220830 13:09:27.085" endtime="20220830 13:09:27.085"/>
</kw>
<kw name="Log To Console" library="BuiltIn">
<arg>------------------------</arg>
<doc>Logs the given message to the console.</doc>
<status status="PASS" starttime="20220830 13:09:27.085" endtime="20220830 13:09:27.085"/>
</kw>
<if>
<branch type="IF" condition="not ${bool}">
<kw name="Click Item" library="Common">
<arg>//option[text()='${Month}']</arg>
<kw name="Wait Until Element Is Visible" library="SeleniumLibrary">
<arg>${locator}</arg>
<doc>Waits until the element ``locator`` is visible.</doc>
<status status="PASS" starttime="20220830 13:09:27.095" endtime="20220830 13:09:27.136"/>
</kw>
<kw name="Wait Until Keyword Succeeds" library="BuiltIn">
<arg>${TimeOut}</arg>
<arg>${Start}</arg>
<arg>SeleniumLibrary.click element</arg>
<arg>${locator}</arg>
<doc>Runs the specified keyword and retries if it fails.</doc>
<kw name="Click Element" library="SeleniumLibrary">
<arg>${locator}</arg>
<doc>Click the element identified by ``locator``.</doc>
<msg timestamp="20220830 13:09:27.136" level="INFO">Clicking element '//option[text()='September']'.</msg>
<status status="PASS" starttime="20220830 13:09:27.136" endtime="20220830 13:09:27.229"/>
</kw>
<status status="PASS" starttime="20220830 13:09:27.136" endtime="20220830 13:09:27.229"/>
</kw>
<status status="PASS" starttime="20220830 13:09:27.093" endtime="20220830 13:09:27.229"/>
</kw>
<status status="PASS" starttime="20220830 13:09:27.085" endtime="20220830 13:09:27.229"/>
</branch>
<status status="PASS" starttime="20220830 13:09:27.085" endtime="20220830 13:09:27.229"/>
</if>
<status status="PASS" starttime="20220830 13:09:26.854" endtime="20220830 13:09:27.229"/>
</kw>
<status status="PASS" starttime="20220830 13:09:26.380" endtime="20220830 13:09:27.229"/>
</kw>
<kw name="Sleep" library="BuiltIn">
<arg>5s</arg>
<doc>Pauses the test executed for the given time.</doc>
<msg timestamp="20220830 13:09:32.236" level="INFO">Slept 5 seconds</msg>
<status status="PASS" starttime="20220830 13:09:27.229" endtime="20220830 13:09:32.236"/>
</kw>
<kw name="Set Date" library="SF_UI_Keywords">
<arg>//input[@name='start_date']</arg>
<arg>${StartDate}</arg>
<kw name="Click Item" library="Common">
<arg>${Locator}</arg>
<kw name="Wait Until Element Is Visible" library="SeleniumLibrary">
<arg>${locator}</arg>
<doc>Waits until the element ``locator`` is visible.</doc>
<status status="PASS" starttime="20220830 13:09:32.236" endtime="20220830 13:09:32.277"/>
</kw>
<kw name="Wait Until Keyword Succeeds" library="BuiltIn">
<arg>${TimeOut}</arg>
<arg>${Start}</arg>
<arg>SeleniumLibrary.click element</arg>
<arg>${locator}</arg>
<doc>Runs the specified keyword and retries if it fails.</doc>
<kw name="Click Element" library="SeleniumLibrary">
<arg>${locator}</arg>
<doc>Click the element identified by ``locator``.</doc>
<msg timestamp="20220830 13:09:32.277" level="INFO">Clicking element '//input[@name='start_date']'.</msg>
<status status="PASS" starttime="20220830 13:09:32.277" endtime="20220830 13:09:32.394"/>
</kw>
<status status="PASS" starttime="20220830 13:09:32.277" endtime="20220830 13:09:32.394"/>
</kw>
<status status="PASS" starttime="20220830 13:09:32.236" endtime="20220830 13:09:32.394"/>
</kw>
<kw name="Click Item" library="Common">
<arg>//div[@aria-label='${Date}']</arg>
<kw name="Wait Until Element Is Visible" library="SeleniumLibrary">
<arg>${locator}</arg>
<doc>Waits until the element ``locator`` is visible.</doc>
<status status="PASS" starttime="20220830 13:09:32.394" endtime="20220830 13:09:32.443"/>
</kw>
<kw name="Wait Until Keyword Succeeds" library="BuiltIn">
<arg>${TimeOut}</arg>
<arg>${Start}</arg>
<arg>SeleniumLibrary.click element</arg>
<arg>${locator}</arg>
<doc>Runs the specified keyword and retries if it fails.</doc>
<kw name="Click Element" library="SeleniumLibrary">
<arg>${locator}</arg>
<doc>Click the element identified by ``locator``.</doc>
<msg timestamp="20220830 13:09:32.443" level="INFO">Clicking element '//div[@aria-label='Choose Thursday, September 22nd, 2022']'.</msg>
<status status="PASS" starttime="20220830 13:09:32.443" endtime="20220830 13:09:32.552"/>
</kw>
<status status="PASS" starttime="20220830 13:09:32.443" endtime="20220830 13:09:32.552"/>
</kw>
<status status="PASS" starttime="20220830 13:09:32.394" endtime="20220830 13:09:32.552"/>
</kw>
<status status="PASS" starttime="20220830 13:09:32.236" endtime="20220830 13:09:32.552"/>
</kw>
<kw name="Sleep" library="BuiltIn">
<arg>2s</arg>
<doc>Pauses the test executed for the given time.</doc>
<msg timestamp="20220830 13:09:34.560" level="INFO">Slept 2 seconds</msg>
<status status="PASS" starttime="20220830 13:09:32.552" endtime="20220830 13:09:34.561"/>
</kw>
<kw name="Set Month" library="SF_UI_Keywords">
<arg>//input[@name='end_date']</arg>
<arg>September</arg>
<kw name="Click Item" library="Common">
<arg>${Locator}</arg>
<kw name="Wait Until Element Is Visible" library="SeleniumLibrary">
<arg>${locator}</arg>
<doc>Waits until the element ``locator`` is visible.</doc>
<status status="PASS" starttime="20220830 13:09:34.561" endtime="20220830 13:09:34.595"/>
</kw>
<kw name="Wait Until Keyword Succeeds" library="BuiltIn">
<arg>${TimeOut}</arg>
<arg>${Start}</arg>
<arg>SeleniumLibrary.click element</arg>
<arg>${locator}</arg>
<doc>Runs the specified keyword and retries if it fails.</doc>
<kw name="Click Element" library="SeleniumLibrary">
<arg>${locator}</arg>
<doc>Click the element identified by ``locator``.</doc>
<msg timestamp="20220830 13:09:34.602" level="INFO">Clicking element '//input[@name='end_date']'.</msg>
<status status="PASS" starttime="20220830 13:09:34.602" endtime="20220830 13:09:34.706"/>
</kw>
<status status="PASS" starttime="20220830 13:09:34.602" endtime="20220830 13:09:34.706"/>
</kw>
<status status="PASS" starttime="20220830 13:09:34.561" endtime="20220830 13:09:34.706"/>
</kw>
<kw name="Set Dropdown5" library="Common">
<arg>//select[@class='react-datepicker__month-select']</arg>
<arg>${Month}</arg>
<kw name="Click Item" library="Common">
<arg>${dropdown}</arg>
<kw name="Wait Until Element Is Visible" library="SeleniumLibrary">
<arg>${locator}</arg>
<doc>Waits until the element ``locator`` is visible.</doc>
<status status="PASS" starttime="20220830 13:09:34.706" endtime="20220830 13:09:34.746"/>
</kw>
<kw name="Wait Until Keyword Succeeds" library="BuiltIn">
<arg>${TimeOut}</arg>
<arg>${Start}</arg>
<arg>SeleniumLibrary.click element</arg>
<arg>${locator}</arg>
<doc>Runs the specified keyword and retries if it fails.</doc>
<kw name="Click Element" library="SeleniumLibrary">
<arg>${locator}</arg>
<doc>Click the element identified by ``locator``.</doc>
<msg timestamp="20220830 13:09:34.746" level="INFO">Clicking element '//select[@class='react-datepicker__month-select']'.</msg>
<status status="PASS" starttime="20220830 13:09:34.746" endtime="20220830 13:09:34.858"/>
</kw>
<status status="PASS" starttime="20220830 13:09:34.746" endtime="20220830 13:09:34.859"/>
</kw>
[...]
<msg timestamp="20220830 13:09:39.344" level="INFO">Clicking element '//input[@name='start_time']'.</msg>
<status status="PASS" starttime="20220830 13:09:39.344" endtime="20220830 13:09:39.454"/>
</kw>
<status status="PASS" starttime="20220830 13:09:39.344" endtime="20220830 13:09:39.454"/>
</kw>
<status status="PASS" starttime="20220830 13:09:39.295" endtime="20220830 13:09:39.454"/>
</kw>
<kw name="Click Item" library="Common">
<arg>//li[normalize-space()='${StartTime}']</arg>
<kw name="Wait Until Element Is Visible" library="SeleniumLibrary">
<arg>${locator}</arg>
<doc>Waits until the element ``locator`` is visible.</doc>
<status status="PASS" starttime="20220830 13:09:39.454" endtime="20220830 13:09:39.510"/>
</kw>
<kw name="Wait Until Keyword Succeeds" library="BuiltIn">
<arg>${TimeOut}</arg>
<arg>${Start}</arg>
<arg>SeleniumLibrary.click element</arg>
<arg>${locator}</arg>
<doc>Runs the specified keyword and retries if it fails.</doc>
<kw name="Click Element" library="SeleniumLibrary">
<arg>${locator}</arg>
<doc>Click the element identified by ``locator``.</doc>
<msg timestamp="20220830 13:09:39.510" level="INFO">Clicking element '//li[normalize-space()='3:00 PM']'.</msg>
<status status="PASS" starttime="20220830 13:09:39.510" endtime="20220830 13:09:39.612"/>
</kw>
<status status="PASS" starttime="20220830 13:09:39.510" endtime="20220830 13:09:39.612"/>
</kw>
<status status="PASS" starttime="20220830 13:09:39.454" endtime="20220830 13:09:39.612"/>
</kw>
<status status="PASS" starttime="20220830 13:09:39.295" endtime="20220830 13:09:39.612"/>
</kw>
<kw name="End Time" library="SF_UI_Keywords">
<arg>//input[@name='end_time']</arg>
<arg>${EndTime}</arg>
<kw name="Click Item" library="Common">
<arg>${Locator}</arg>
<kw name="Wait Until Element Is Visible" library="SeleniumLibrary">
<arg>${locator}</arg>
<doc>Waits until the element ``locator`` is visible.</doc>
<status status="PASS" starttime="20220830 13:09:39.612" endtime="20220830 13:09:39.669"/>
</kw>
<kw name="Wait Until Keyword Succeeds" library="BuiltIn">
<arg>${TimeOut}</arg>
<arg>${Start}</arg>
<arg>SeleniumLibrary.click element</arg>
<arg>${locator}</arg>
<doc>Runs the specified keyword and retries if it fails.</doc>
<kw name="Click Element" library="SeleniumLibrary">
<arg>${locator}</arg>
<doc>Click the element identified by ``locator``.</doc>
<msg timestamp="20220830 13:09:39.673" level="INFO">Clicking element '//input[@name='end_time']'.</msg>
<status status="PASS" starttime="20220830 13:09:39.673" endtime="20220830 13:09:39.787"/>
</kw>
<status status="PASS" starttime="20220830 13:09:39.671" endtime="20220830 13:09:39.787"/>
</kw>
<status status="PASS" starttime="20220830 13:09:39.612" endtime="20220830 13:09:39.787"/>
</kw>
<kw name="Click Item" library="Common">
<arg>//li[normalize-space()='${EndTime}']</arg>
<kw name="Wait Until Element Is Visible" library="SeleniumLibrary">
<arg>${locator}</arg>
<doc>Waits until the element ``locator`` is visible.</doc>
<status status="PASS" starttime="20220830 13:09:39.787" endtime="20220830 13:09:39.836"/>
</kw>
<kw name="Wait Until Keyword Succeeds" library="BuiltIn">
<arg>${TimeOut}</arg>
<arg>${Start}</arg>
<arg>SeleniumLibrary.click element</arg>
<arg>${locator}</arg>
<doc>Runs the specified keyword and retries if it fails.</doc>
<kw name="Click Element" library="SeleniumLibrary">
<arg>${locator}</arg>
<doc>Click the element identified by ``locator``.</doc>
<msg timestamp="20220830 13:09:39.844" level="INFO">Clicking element '//li[normalize-space()='4:30 PM']'.</msg>
<status status="PASS" starttime="20220830 13:09:39.836" endtime="20220830 13:09:39.969"/>
</kw>
<status status="PASS" starttime="20220830 13:09:39.836" endtime="20220830 13:09:39.969"/>
</kw>
<status status="PASS" starttime="20220830 13:09:39.787" endtime="20220830 13:09:39.969"/>
</kw>
<status status="PASS" starttime="20220830 13:09:39.612" endtime="20220830 13:09:39.969"/>
</kw>
<kw name="Click Item" library="Common">
<arg>//label[text()='Web']</arg>
<kw name="Wait Until Element Is Visible" library="SeleniumLibrary">
<arg>${locator}</arg>
<doc>Waits until the element ``locator`` is visible.</doc>
<status status="PASS" starttime="20220830 13:09:39.969" endtime="20220830 13:09:40.010"/>
</kw>
<kw name="Wait Until Keyword Succeeds" library="BuiltIn">
<arg>${TimeOut}</arg>
<arg>${Start}</arg>
<arg>SeleniumLibrary.click element</arg>
<arg>${locator}</arg>
<doc>Runs the specified keyword and retries if it fails.</doc>
<kw name="Click Element" library="SeleniumLibrary">
<arg>${locator}</arg>
<doc>Click the element identified by ``locator``.</doc>
<msg timestamp="20220830 13:09:40.010" level="INFO">Clicking element '//label[text()='Web']'.</msg>
<status status="PASS" starttime="20220830 13:09:40.010" endtime="20220830 13:09:40.094"/>
</kw>
<status status="PASS" starttime="20220830 13:09:40.010" endtime="20220830 13:09:40.094"/>
</kw>
<status status="PASS" starttime="20220830 13:09:39.969" endtime="20220830 13:09:40.094"/>
</kw>
<kw name="Click Item" library="Common">
<arg>//label[text()='Mobile']</arg>
<kw name="Wait Until Element Is Visible" library="SeleniumLibrary">
<arg>${locator}</arg>
<doc>Waits until the element ``locator`` is visible.</doc>
<status status="PASS" starttime="20220830 13:09:40.094" endtime="20220830 13:09:40.144"/>
</kw>
<kw name="Wait Until Keyword Succeeds" library="BuiltIn">
<arg>${TimeOut}</arg>
<arg>${Start}</arg>
<arg>SeleniumLibrary.click element</arg>
<arg>${locator}</arg>
<doc>Runs the specified keyword and retries if it fails.</doc>
<kw name="Click Element" library="SeleniumLibrary">
<arg>${locator}</arg>
<doc>Click the element identified by ``locator``.</doc>
<msg timestamp="20220830 13:09:40.144" level="INFO">Clicking element '//label[text()='Mobile']'.</msg>
<status status="PASS" starttime="20220830 13:09:40.144" endtime="20220830 13:09:40.236"/>
</kw>
<status status="PASS" starttime="20220830 13:09:40.144" endtime="20220830 13:09:40.236"/>
</kw>
<status status="PASS" starttime="20220830 13:09:40.094" endtime="20220830 13:09:40.236"/>
</kw>
<kw name="Set Dropdown3" library="Common">
<arg>//div[@class='select-form__input-container css-ackcql']</arg>
<arg>${Participants}</arg>
<kw name="Click Element" library="SeleniumLibrary">
<arg>${dropdown}</arg>
<doc>Click the element identified by ``locator``.</doc>
<msg timestamp="20220830 13:09:40.239" level="INFO">Clicking element '//div[@class='select-form__input-container css-ackcql']'.</msg>
<status status="PASS" starttime="20220830 13:09:40.239" endtime="20220830 13:09:40.342"/>
</kw>
<kw name="Execute Javascript" library="SeleniumLibrary">
<var>${bool}</var>
<arg>var a = document.querySelectorAll('input[type=radio]');for(var i=0;i&lt;a.length;i++){if(a[i].checked==true &amp;&amp; a[i].nextSibling.innerHTML.trim() === '${locator_div}') return true; else return false;}</arg>
<doc>Executes the given JavaScript code with possible arguments.</doc>
<msg timestamp="20220830 13:09:40.342" level="INFO">Executing JavaScript:
var a = document.querySelectorAll('input[type=radio]');for(var i=0;i&lt;a.length;i++){if(a[i].checked==true &amp;&amp; a[i].nextSibling.innerHTML.trim() === 'Bulk Upload') return true; else return false;}
Without any arguments.</msg>
<msg timestamp="20220830 13:09:40.358" level="INFO">${bool} = None</msg>
<status status="PASS" starttime="20220830 13:09:40.342" endtime="20220830 13:09:40.358"/>
</kw>
<kw name="Log To Console" library="BuiltIn">
<arg>------------------------</arg>
<doc>Logs the given message to the console.</doc>
<status status="PASS" starttime="20220830 13:09:40.358" endtime="20220830 13:09:40.358"/>
</kw>
<kw name="Log To Console" library="BuiltIn">
<arg>${bool}</arg>
<doc>Logs the given message to the console.</doc>
<status status="PASS" starttime="20220830 13:09:40.358" endtime="20220830 13:09:40.358"/>
</kw>
<kw name="Log To Console" library="BuiltIn">
<arg>------------------------</arg>
<doc>Logs the given message to the console.</doc>
<status status="PASS" starttime="20220830 13:09:40.358" endtime="20220830 13:09:40.358"/>
</kw>
<if>
<branch type="IF" condition="not ${bool}">
<kw name="Click Element" library="SeleniumLibrary">
<arg>//div[@aria-disabled='false' and text()='${locator_div}']</arg>
<doc>Click the element identified by ``locator``.</doc>
<msg timestamp="20220830 13:09:40.358" level="INFO">Clicking element '//div[@aria-disabled='false' and text()='Bulk Upload']'.</msg>
<status status="PASS" starttime="20220830 13:09:40.358" endtime="20220830 13:09:40.456"/>
</kw>
<status status="PASS" starttime="20220830 13:09:40.358" endtime="20220830 13:09:40.456"/>
</branch>
<status status="PASS" starttime="20220830 13:09:40.358" endtime="20220830 13:09:40.456"/>
</if>
<status status="PASS" starttime="20220830 13:09:40.237" endtime="20220830 13:09:40.456"/>
</kw>
<if>
<branch type="IF" condition="'${Participants}' == 'Bulk Upload'">
<kw name="File Uplaod" library="SF_UI_Keywords">
<arg>//input[@id='filed_bulkUpload']</arg>
<arg>${BulkUploadFilePath}</arg>
<kw name="Scroll Element Into View" library="SeleniumLibrary">
<arg>${locator}</arg>
<doc>Scrolls the element identified by ``locator`` into view.</doc>
<status status="PASS" starttime="20220830 13:09:40.456" endtime="20220830 13:09:40.770"/>
</kw>
<kw name="Sleep" library="BuiltIn">
<arg>4s</arg>
<doc>Pauses the test executed for the given time.</doc>
<msg timestamp="20220830 13:09:44.777" level="INFO">Slept 4 seconds</msg>
<status status="PASS" starttime="20220830 13:09:40.770" endtime="20220830 13:09:44.777"/>
</kw>
<kw name="Choose File" library="SeleniumLibrary">
<arg>${locator}</arg>
<arg>${FilePath}</arg>
<doc>Inputs the ``file_path`` into the file input field ``locator``.</doc>
<msg timestamp="20220830 13:09:44.777" level="INFO">Sending D:\Repositories2\sf_auto_07072022\sf_auto_07072022\TestCases\Participants-bulk-upload-template.xlsx to browser.</msg>
<status status="PASS" starttime="20220830 13:09:44.777" endtime="20220830 13:09:44.846"/>
</kw>
<status status="PASS" starttime="20220830 13:09:40.456" endtime="20220830 13:09:44.846"/>
</kw>
<kw name="Click Item" library="Common">
<arg>//div[normalize-space()='Save']</arg>
<kw name="Wait Until Element Is Visible" library="SeleniumLibrary">
<arg>${locator}</arg>
<doc>Waits until the element ``locator`` is visible.</doc>
<status status="PASS" starttime="20220830 13:09:44.846" endtime="20220830 13:09:44.895"/>
</kw>
<kw name="Wait Until Keyword Succeeds" library="BuiltIn">
<arg>${TimeOut}</arg>
<arg>${Start}</arg>
<arg>SeleniumLibrary.click element</arg>
<arg>${locator}</arg>
<doc>Runs the specified keyword and retries if it fails.</doc>
<kw name="Click Element" library="SeleniumLibrary">
<arg>${locator}</arg>
<doc>Click the element identified by ``locator``.</doc>
<msg timestamp="20220830 13:09:44.895" level="INFO">Clicking element '//div[normalize-space()='Save']'.</msg>
<status status="PASS" starttime="20220830 13:09:44.895" endtime="20220830 13:09:45.003"/>
</kw>
<status status="PASS" starttime="20220830 13:09:44.895" endtime="20220830 13:09:45.003"/>
</kw>
<status status="PASS" starttime="20220830 13:09:44.846" endtime="20220830 13:09:45.003"/>
</kw>
<kw name="Sleep" library="BuiltIn">
<arg>4s</arg>
<doc>Pauses the test executed for the given time.</doc>
<msg timestamp="20220830 13:09:49.004" level="INFO">Slept 4 seconds</msg>
<status status="PASS" starttime="20220830 13:09:45.003" endtime="20220830 13:09:49.004"/>
</kw>
<kw name="Click Item" library="Common">
<arg>//div[contains(@class,'btn-md float-center margin-left')]</arg>
<kw name="Wait Until Element Is Visible" library="SeleniumLibrary">
<arg>${locator}</arg>
<doc>Waits until the element ``locator`` is visible.</doc>
<status status="PASS" starttime="20220830 13:09:49.004" endtime="20220830 13:09:49.055"/>
</kw>
<kw name="Wait Until Keyword Succeeds" library="BuiltIn">
<arg>${TimeOut}</arg>
<arg>${Start}</arg>
<arg>SeleniumLibrary.click element</arg>
<arg>${locator}</arg>
<doc>Runs the specified keyword and retries if it fails.</doc>
<kw name="Click Element" library="SeleniumLibrary">
<arg>${locator}</arg>
<doc>Click the element identified by ``locator``.</doc>
<msg timestamp="20220830 13:09:49.063" level="INFO">Clicking element '//div[contains(@class,'btn-md float-center margin-left')]'.</msg>
<status status="PASS" starttime="20220830 13:09:49.063" endtime="20220830 13:09:49.154"/>
</kw>
<status status="PASS" starttime="20220830 13:09:49.055" endtime="20220830 13:09:49.154"/>
</kw>
<status status="PASS" starttime="20220830 13:09:49.004" endtime="20220830 13:09:49.154"/>
</kw>
<status status="PASS" starttime="20220830 13:09:40.456" endtime="20220830 13:09:49.154"/>
</branch>
<status status="PASS" starttime="20220830 13:09:40.456" endtime="20220830 13:09:49.154"/>
</if>
<if>
<branch type="IF" condition="'${Participants}' == 'User Wise'">
<kw name="Sleep" library="BuiltIn">
<arg>4s</arg>
<doc>Pauses the test executed for the given time.</doc>
<status status="NOT RUN" starttime="20220830 13:09:49.154" endtime="20220830 13:09:49.154"/>
</kw>
<kw name="Set Dropdown3" library="Common">
<arg>(//label[normalize-space()='User Group']/following-sibling::div//div)[2]</arg>
<arg>${UserGroup}</arg>
<status status="NOT RUN" starttime="20220830 13:09:49.154" endtime="20220830 13:09:49.154"/>
</kw>
<kw name="Sleep" library="BuiltIn">
<arg>7s</arg>
<doc>Pauses the test executed for the given time.</doc>
<status status="NOT RUN" starttime="20220830 13:09:49.154" endtime="20220830 13:09:49.154"/>
</kw>
<kw name="Sleep" library="BuiltIn">
<arg>2s</arg>
<doc>Pauses the test executed for the given time.</doc>
<status status="NOT RUN" starttime="20220830 13:09:49.154" endtime="20220830 13:09:49.154"/>
</kw>
<kw name="Click Item" library="Common">
<arg>//div[normalize-space()='Save']</arg>
<status status="NOT RUN" starttime="20220830 13:09:49.154" endtime="20220830 13:09:49.154"/>
</kw>
<kw name="Sleep" library="BuiltIn">
<arg>4s</arg>
<doc>Pauses the test executed for the given time.</doc>
<status status="NOT RUN" starttime="20220830 13:09:49.154" endtime="20220830 13:09:49.154"/>
</kw>
<kw name="Click Item" library="Common">
<arg>//div[contains(@class,'btn-md float-center margin-left')]</arg>
<status status="NOT RUN" starttime="20220830 13:09:49.154" endtime="20220830 13:09:49.154"/>
</kw>
<status status="NOT RUN" starttime="20220830 13:09:49.154" endtime="20220830 13:09:49.154"/>
</branch>
<status status="PASS" starttime="20220830 13:09:49.154" endtime="20220830 13:09:49.154"/>
</if>
<if>
<branch type="IF" condition="'${Participants}' == 'Basic Selection'">
<kw name="Set Dropdown3" library="Common">
<arg>(//label[normalize-space()='Type']/following-sibling::div//div)[2]</arg>
<arg>${Type}</arg>
<status status="NOT RUN" starttime="20220830 13:09:49.154" endtime="20220830 13:09:49.154"/>
</kw>
<kw name="Set Dropdown3" library="Common">
<arg>(//label[normalize-space()='Channel']/following-sibling::div//div)[2]</arg>
<arg>${Channel}</arg>
<status status="NOT RUN" starttime="20220830 13:09:49.154" endtime="20220830 13:09:49.154"/>
</kw>
<kw name="Click Item" library="Common">
<arg>//div[normalize-space()='Save']</arg>
<status status="NOT RUN" starttime="20220830 13:09:49.154" endtime="20220830 13:09:49.154"/>
</kw>
<kw name="Sleep" library="BuiltIn">
<arg>4s</arg>
<doc>Pauses the test executed for the given time.</doc>
<status status="NOT RUN" starttime="20220830 13:09:49.154" endtime="20220830 13:09:49.154"/>
</kw>
<kw name="Click Item" library="Common">
<arg>//div[contains(@class,'btn-md float-center margin-left')]</arg>
<status status="NOT RUN" starttime="20220830 13:09:49.154" endtime="20220830 13:09:49.162"/>
</kw>
<status status="NOT RUN" starttime="20220830 13:09:49.154" endtime="20220830 13:09:49.162"/>
</branch>
<status status="PASS" starttime="20220830 13:09:49.154" endtime="20220830 13:09:49.162"/>
</if>
<kw name="Sleep" library="BuiltIn">
<arg>10s</arg>
<doc>Pauses the test executed for the given time.</doc>
<msg timestamp="20220830 13:09:59.164" level="INFO">Slept 10 seconds</msg>
<status status="PASS" starttime="20220830 13:09:49.162" endtime="20220830 13:09:59.164"/>
</kw>
<status status="PASS" starttime="20220830 13:09:23.135" endtime="20220830 13:09:59.164"/>
</kw>
<kw name="Sleep" library="BuiltIn">
<arg>5s</arg>
<doc>Pauses the test executed for the given time.</doc>
<msg timestamp="20220830 13:10:04.179" level="INFO">Slept 5 seconds</msg>
<status status="PASS" starttime="20220830 13:09:59.166" endtime="20220830 13:10:04.179"/>
</kw>
<kw name="Sleep" library="BuiltIn">
<arg>15s</arg>
<doc>Pauses the test executed for the given time.</doc>
<msg timestamp="20220830 13:10:19.182" level="INFO">Slept 15 seconds</msg>
<status status="PASS" starttime="20220830 13:10:04.179" endtime="20220830 13:10:19.182"/>
</kw>
<kw name="Sleep" library="BuiltIn">
<arg>10s</arg>
<doc>Pauses the test executed for the given time.</doc>
<msg timestamp="20220830 13:10:29.188" level="INFO">Slept 10 seconds</msg>
<status status="PASS" starttime="20220830 13:10:19.182" endtime="20220830 13:10:29.189"/>
</kw>
<kw name="Execute Suite Teardown" library="Common" type="TEARDOWN">
<doc>Closes all open browsers and resets the browser cache.</doc>
<kw name="Run Keyword And Return Status" library="BuiltIn">
<var>${present}</var>
<arg>Variable Should Exist</arg>
<arg>${download directory}</arg>
<doc>Runs the given keyword with given arguments and returns the status as a Boolean value.</doc>
<kw name="Variable Should Exist" library="BuiltIn">
<arg>${download directory}</arg>
<doc>Fails unless the given variable exists within the current scope.</doc>
<msg timestamp="20220830 13:10:29.190" level="FAIL">Variable '${download directory}' does not exist.</msg>
<status status="FAIL" starttime="20220830 13:10:29.190" endtime="20220830 13:10:29.199"/>
</kw>
<msg timestamp="20220830 13:10:29.199" level="INFO">${present} = False</msg>
<status status="PASS" starttime="20220830 13:10:29.190" endtime="20220830 13:10:29.199"/>
</kw>
<if>
<branch type="IF" condition="${present}">
<kw name="Empty Directory" library="OperatingSystem">
<arg>${download directory}</arg>
<doc>Deletes all the content from the given directory.</doc>
<status status="NOT RUN" starttime="20220830 13:10:29.199" endtime="20220830 13:10:29.199"/>
</kw>
<kw name="Remove Directory" library="OperatingSystem">
<arg>${download directory}</arg>
<doc>Removes the directory pointed to by the given ``path``.</doc>
<status status="NOT RUN" starttime="20220830 13:10:29.199" endtime="20220830 13:10:29.199"/>
</kw>
<status status="NOT RUN" starttime="20220830 13:10:29.199" endtime="20220830 13:10:29.199"/>
</branch>
<status status="PASS" starttime="20220830 13:10:29.199" endtime="20220830 13:10:29.199"/>
</if>
<kw name="Close All Browsers" library="SeleniumLibrary">
<doc>Closes all open browsers and resets the browser cache.</doc>
<status status="PASS" starttime="20220830 13:10:29.199" endtime="20220830 13:10:31.414"/>
</kw>
<kw name="Print" library="Common">
<arg>finished =&gt; Execute Suite Teardown</arg>
<kw name="Log To Console" library="BuiltIn">
<arg>\n${message}</arg>
<doc>Logs the given message to the console.</doc>
<status status="PASS" starttime="20220830 13:10:31.414" endtime="20220830 13:10:31.414"/>
</kw>
<status status="PASS" starttime="20220830 13:10:31.414" endtime="20220830 13:10:31.418"/>
</kw>
<status status="PASS" starttime="20220830 13:10:29.190" endtime="20220830 13:10:31.418"/>
</kw>
<doc>To Edit / View various Sales Force Mbooklet</doc>
<status status="PASS" starttime="20220830 13:07:37.077" endtime="20220830 13:10:31.418"/>
</test>
<doc>Sample TestCase For Automation FrameWork</doc>
<status status="PASS" starttime="20220830 13:07:35.721" endtime="20220830 13:10:31.418"/>
</suite>
<statistics>
<total>
<stat pass="1" fail="0" skip="0">All Tests</stat>
</total>
<tag>
</tag>
<suite>
<stat pass="1" fail="0" skip="0" id="s1" name="SF TC 014">SF TC 014</stat>
</suite>
</statistics>
<errors>
</errors>
</robot>
