<?xml version="1.0" encoding="UTF-8"?>
<robot generator="Robot 5.0 (Python 3.10.4 on win32)" generated="20220928 13:30:02.780" rpa="false" schemaversion="3">
<suite id="s1" name="A ADD REFERENCE KEY 1" source="D:\Repositories2\sf_auto_07072022\sf_auto_07072022\TestCases\A_ADD_REFERENCE_KEY_1.robot">
<test id="s1-t1" name="TEST CASE 001" line="33">
<kw name="Execute Suite Setup as User" library="Common" type="SETUP">
<doc>Open Browser on Test or preproduction environment</doc>
<kw name="Open Browser" library="SeleniumLibrary">
<arg>${URL}</arg>
<arg>${Broswer}</arg>
<arg>${TestData}[Browser]</arg>
<arg>options=add_argument("--ignore-certificate-errors")</arg>
<doc>Opens a new browser instance to the optional ``url``.</doc>
<msg timestamp="20220928 13:30:04.094" level="INFO">Opening browser 'chrome' to base url 'https://sfprotest.smartfren.com/sfdms'.</msg>
<status status="PASS" starttime="20220928 13:30:04.093" endtime="20220928 13:30:13.608"/>
</kw>
<kw name="Maximize Browser Window" library="SeleniumLibrary">
<doc>Maximizes current browser window.</doc>
<status status="PASS" starttime="20220928 13:30:13.608" endtime="20220928 13:30:13.740"/>
</kw>
<status status="PASS" starttime="20220928 13:30:04.093" endtime="20220928 13:30:13.740"/>
</kw>
<kw name="Login to SMARTFERN UI" library="SF_Login_Keyword">
<arg>${SmartFern_CREDENTIAL}[username]</arg>
<arg>${SmartFern_CREDENTIAL}[password]</arg>
<kw name="Set Input" library="Common">
<arg>${LoginPage}[UserName]</arg>
<arg>${user}</arg>
<kw name="Wait Until Element Is Visible" library="SeleniumLibrary">
<arg>${locator}</arg>
<doc>Waits until the element ``locator`` is visible.</doc>
<status status="PASS" starttime="20220928 13:30:13.745" endtime="20220928 13:30:13.883"/>
</kw>
<kw name="Wait Until Keyword Succeeds" library="BuiltIn">
<arg>${TimeOut}</arg>
<arg>${Start}</arg>
<arg>SeleniumLibrary.click element</arg>
<arg>${locator}</arg>
<doc>Runs the specified keyword and retries if it fails.</doc>
<kw name="Click Element" library="SeleniumLibrary">
<arg>${locator}</arg>
<doc>Click the element identified by ``locator``.</doc>
<msg timestamp="20220928 13:30:13.885" level="INFO">Clicking element '//input[@autocomplete='new-username']'.</msg>
<status status="PASS" starttime="20220928 13:30:13.884" endtime="20220928 13:30:13.955"/>
</kw>
<status status="PASS" starttime="20220928 13:30:13.883" endtime="20220928 13:30:13.955"/>
</kw>
<kw name="Click Element" library="SeleniumLibrary">
<arg>${locator}</arg>
<doc>Click the element identified by ``locator``.</doc>
<msg timestamp="20220928 13:30:13.956" level="INFO">Clicking element '//input[@autocomplete='new-username']'.</msg>
<status status="PASS" starttime="20220928 13:30:13.955" endtime="20220928 13:30:14.033"/>
</kw>
<kw name="Run Keyword If" library="BuiltIn">
<arg>'${value}' == 'nan'</arg>
<arg>Log To Console</arg>
<arg>NANACONDITION</arg>
<arg>ELSE IF</arg>
<arg>'${value}' == 'BLANK'</arg>
<arg>Wait Until Keyword Succeeds</arg>
<arg>${TimeOut}</arg>
<arg>${Start}</arg>
<arg>SeleniumLibrary.Input Text</arg>
<arg>${locator}</arg>
<arg>ELSE</arg>
<arg>Wait Until Keyword Succeeds</arg>
<arg>${TimeOut}</arg>
<arg>${Start}</arg>
<arg>SeleniumLibrary.Input Text</arg>
<arg>${locator}</arg>
<arg>${value}</arg>
<doc>Runs the given keyword with the given arguments, if ``condition`` is true.</doc>
<kw name="Wait Until Keyword Succeeds" library="BuiltIn">
<arg>${TimeOut}</arg>
<arg>${Start}</arg>
<arg>SeleniumLibrary.Input Text</arg>
<arg>${locator}</arg>
<arg>${value}</arg>
<doc>Runs the specified keyword and retries if it fails.</doc>
<kw name="Input Text" library="SeleniumLibrary">
<arg>${locator}</arg>
<arg>${value}</arg>
<doc>Types the given ``text`` into the text field identified by ``locator``.</doc>
<msg timestamp="20220928 13:30:14.036" level="INFO">Typing text '2007' into text field '//input[@autocomplete='new-username']'.</msg>
<status status="PASS" starttime="20220928 13:30:14.036" endtime="20220928 13:30:14.168"/>
</kw>
<status status="PASS" starttime="20220928 13:30:14.035" endtime="20220928 13:30:14.168"/>
</kw>
<status status="PASS" starttime="20220928 13:30:14.033" endtime="20220928 13:30:14.169"/>
</kw>
<status status="PASS" starttime="20220928 13:30:13.744" endtime="20220928 13:30:14.169"/>
</kw>
<kw name="Click Item" library="Common">
<arg>${LoginPage}[NextButton]</arg>
<kw name="Wait Until Element Is Visible" library="SeleniumLibrary">
<arg>${locator}</arg>
<doc>Waits until the element ``locator`` is visible.</doc>
<status status="PASS" starttime="20220928 13:30:14.170" endtime="20220928 13:30:14.214"/>
</kw>
<kw name="Wait Until Keyword Succeeds" library="BuiltIn">
<arg>${TimeOut}</arg>
<arg>${Start}</arg>
<arg>SeleniumLibrary.click element</arg>
<arg>${locator}</arg>
<doc>Runs the specified keyword and retries if it fails.</doc>
<kw name="Click Element" library="SeleniumLibrary">
<arg>${locator}</arg>
<doc>Click the element identified by ``locator``.</doc>
<msg timestamp="20220928 13:30:14.216" level="INFO">Clicking element '//button[text()='Next']'.</msg>
<status status="PASS" starttime="20220928 13:30:14.216" endtime="20220928 13:30:14.300"/>
</kw>
<status status="PASS" starttime="20220928 13:30:14.214" endtime="20220928 13:30:14.300"/>
</kw>
<status status="PASS" starttime="20220928 13:30:14.169" endtime="20220928 13:30:14.300"/>
</kw>
<kw name="Sleep" library="BuiltIn">
<arg>4s</arg>
<doc>Pauses the test executed for the given time.</doc>
<msg timestamp="20220928 13:30:18.305" level="INFO">Slept 4 seconds</msg>
<status status="PASS" starttime="20220928 13:30:14.301" endtime="20220928 13:30:18.306"/>
</kw>
<kw name="Set Input" library="Common">
<arg>${LoginPage}[Password]</arg>
<arg>${pass}</arg>
<kw name="Wait Until Element Is Visible" library="SeleniumLibrary">
<arg>${locator}</arg>
<doc>Waits until the element ``locator`` is visible.</doc>
<status status="PASS" starttime="20220928 13:30:18.308" endtime="20220928 13:30:18.362"/>
</kw>
<kw name="Wait Until Keyword Succeeds" library="BuiltIn">
<arg>${TimeOut}</arg>
<arg>${Start}</arg>
<arg>SeleniumLibrary.click element</arg>
<arg>${locator}</arg>
<doc>Runs the specified keyword and retries if it fails.</doc>
<kw name="Click Element" library="SeleniumLibrary">
<arg>${locator}</arg>
<doc>Click the element identified by ``locator``.</doc>
<msg timestamp="20220928 13:30:18.364" level="INFO">Clicking element '//input[@class='form-control']'.</msg>
<status status="PASS" starttime="20220928 13:30:18.363" endtime="20220928 13:30:18.431"/>
</kw>
<status status="PASS" starttime="20220928 13:30:18.362" endtime="20220928 13:30:18.431"/>
</kw>
<kw name="Click Element" library="SeleniumLibrary">
<arg>${locator}</arg>
<doc>Click the element identified by ``locator``.</doc>
<msg timestamp="20220928 13:30:18.433" level="INFO">Clicking element '//input[@class='form-control']'.</msg>
<status status="PASS" starttime="20220928 13:30:18.431" endtime="20220928 13:30:18.476"/>
</kw>
<kw name="Run Keyword If" library="BuiltIn">
<arg>'${value}' == 'nan'</arg>
<arg>Log To Console</arg>
<arg>NANACONDITION</arg>
<arg>ELSE IF</arg>
<arg>'${value}' == 'BLANK'</arg>
<arg>Wait Until Keyword Succeeds</arg>
<arg>${TimeOut}</arg>
<arg>${Start}</arg>
<arg>SeleniumLibrary.Input Text</arg>
<arg>${locator}</arg>
<arg>ELSE</arg>
<arg>Wait Until Keyword Succeeds</arg>
<arg>${TimeOut}</arg>
<arg>${Start}</arg>
<arg>SeleniumLibrary.Input Text</arg>
<arg>${locator}</arg>
<arg>${value}</arg>
<doc>Runs the given keyword with the given arguments, if ``condition`` is true.</doc>
<kw name="Wait Until Keyword Succeeds" library="BuiltIn">
<arg>${TimeOut}</arg>
<arg>${Start}</arg>
<arg>SeleniumLibrary.Input Text</arg>
<arg>${locator}</arg>
<arg>${value}</arg>
<doc>Runs the specified keyword and retries if it fails.</doc>
<kw name="Input Text" library="SeleniumLibrary">
<arg>${locator}</arg>
<arg>${value}</arg>
<doc>Types the given ``text`` into the text field identified by ``locator``.</doc>
<msg timestamp="20220928 13:30:18.481" level="INFO">Typing text '441234' into text field '//input[@class='form-control']'.</msg>
<status status="PASS" starttime="20220928 13:30:18.480" endtime="20220928 13:30:18.593"/>
</kw>
<status status="PASS" starttime="20220928 13:30:18.478" endtime="20220928 13:30:18.593"/>
</kw>
<status status="PASS" starttime="20220928 13:30:18.476" endtime="20220928 13:30:18.593"/>
</kw>
<status status="PASS" starttime="20220928 13:30:18.306" endtime="20220928 13:30:18.594"/>
</kw>
<kw name="Click Item" library="Common">
<arg>${LoginPage}[Loginbtn]</arg>
<kw name="Wait Until Element Is Visible" library="SeleniumLibrary">
<arg>${locator}</arg>
<doc>Waits until the element ``locator`` is visible.</doc>
<status status="PASS" starttime="20220928 13:30:18.596" endtime="20220928 13:30:18.628"/>
</kw>
<kw name="Wait Until Keyword Succeeds" library="BuiltIn">
<arg>${TimeOut}</arg>
<arg>${Start}</arg>
<arg>SeleniumLibrary.click element</arg>
<arg>${locator}</arg>
<doc>Runs the specified keyword and retries if it fails.</doc>
<kw name="Click Element" library="SeleniumLibrary">
<arg>${locator}</arg>
<doc>Click the element identified by ``locator``.</doc>
<msg timestamp="20220928 13:30:18.630" level="INFO">Clicking element '//button[text()='Login']'.</msg>
<status status="PASS" starttime="20220928 13:30:18.629" endtime="20220928 13:30:18.681"/>
</kw>
<status status="PASS" starttime="20220928 13:30:18.629" endtime="20220928 13:30:18.681"/>
</kw>
<status status="PASS" starttime="20220928 13:30:18.595" endtime="20220928 13:30:18.681"/>
</kw>
<status status="PASS" starttime="20220928 13:30:13.742" endtime="20220928 13:30:18.682"/>
</kw>
<kw name="Read Number of Rows" library="Read_TestData_Keyword">
<var>${row}</var>
<arg>${SMARTFREN_TESTDATA}</arg>
<arg>SMARTFERN_ADD_REFERNCE_KEY</arg>
<kw name="Fetch No Rows" library="ReadDataFromExcel">
<var>${maxr}</var>
<arg>${filename}</arg>
<arg>${sheetname}</arg>
<msg timestamp="20220928 13:30:18.948" level="INFO">${maxr} = 5</msg>
<status status="PASS" starttime="20220928 13:30:18.684" endtime="20220928 13:30:18.948"/>
</kw>
<msg timestamp="20220928 13:30:18.949" level="INFO">${row} = 5</msg>
<status status="PASS" starttime="20220928 13:30:18.683" endtime="20220928 13:30:18.949"/>
</kw>
<kw name="Add Reference Key 1" library="SF_UI_Keywords">
<arg>${row}</arg>
<kw name="Click Item" library="Common">
<arg>${ADD_REFERENCE_KEY}[Apps]</arg>
<kw name="Wait Until Element Is Visible" library="SeleniumLibrary">
<arg>${locator}</arg>
<doc>Waits until the element ``locator`` is visible.</doc>
<status status="PASS" starttime="20220928 13:30:18.952" endtime="20220928 13:30:20.724"/>
</kw>
<kw name="Wait Until Keyword Succeeds" library="BuiltIn">
<arg>${TimeOut}</arg>
<arg>${Start}</arg>
<arg>SeleniumLibrary.click element</arg>
<arg>${locator}</arg>
<doc>Runs the specified keyword and retries if it fails.</doc>
<kw name="Click Element" library="SeleniumLibrary">
<arg>${locator}</arg>
<doc>Click the element identified by ``locator``.</doc>
<msg timestamp="20220928 13:30:20.726" level="INFO">Clicking element '//div/span[text()='Apps']'.</msg>
<status status="PASS" starttime="20220928 13:30:20.726" endtime="20220928 13:30:20.790"/>
</kw>
<status status="PASS" starttime="20220928 13:30:20.724" endtime="20220928 13:30:20.790"/>
</kw>
<status status="PASS" starttime="20220928 13:30:18.951" endtime="20220928 13:30:20.790"/>
</kw>
<kw name="Run Keyword And Return Status" library="BuiltIn">
<var>${present}</var>
<arg>Element Should Be Visible</arg>
<arg>${ADD_REFERENCE_KEY}[DMS]</arg>
<doc>Runs the given keyword with given arguments and returns the status as a Boolean value.</doc>
<kw name="Element Should Be Visible">
<arg>${ADD_REFERENCE_KEY}[DMS]</arg>
<msg timestamp="20220928 13:30:20.791" level="FAIL">Multiple keywords with name 'Element Should Be Visible' found. Give the full name of the keyword you want to use:
    AppiumLibrary.Element Should Be Visible
    SeleniumLibrary.Element Should Be Visible</msg>
<status status="FAIL" starttime="20220928 13:30:20.791" endtime="20220928 13:30:20.791"/>
</kw>
<msg timestamp="20220928 13:30:20.791" level="INFO">${present} = False</msg>
<status status="PASS" starttime="20220928 13:30:20.790" endtime="20220928 13:30:20.791"/>
</kw>
<kw name="Run Keyword If" library="BuiltIn">
<arg>${present}</arg>
<arg>Click Item</arg>
<arg>${ADD_REFERENCE_KEY}[DMS]</arg>
<doc>Runs the given keyword with the given arguments, if ``condition`` is true.</doc>
<status status="PASS" starttime="20220928 13:30:20.791" endtime="20220928 13:30:20.791"/>
</kw>
<kw name="Click Item" library="Common">
<arg>//span[text()='Settings']</arg>
<kw name="Wait Until Element Is Visible" library="SeleniumLibrary">
<arg>${locator}</arg>
<doc>Waits until the element ``locator`` is visible.</doc>
<status status="PASS" starttime="20220928 13:30:20.792" endtime="20220928 13:30:20.826"/>
</kw>
<kw name="Wait Until Keyword Succeeds" library="BuiltIn">
<arg>${TimeOut}</arg>
<arg>${Start}</arg>
<arg>SeleniumLibrary.click element</arg>
<arg>${locator}</arg>
<doc>Runs the specified keyword and retries if it fails.</doc>
<kw name="Click Element" library="SeleniumLibrary">
<arg>${locator}</arg>
<doc>Click the element identified by ``locator``.</doc>
<msg timestamp="20220928 13:30:20.829" level="INFO">Clicking element '//span[text()='Settings']'.</msg>
<status status="PASS" starttime="20220928 13:30:20.828" endtime="20220928 13:30:20.885"/>
</kw>
<status status="PASS" starttime="20220928 13:30:20.827" endtime="20220928 13:30:20.885"/>
</kw>
<status status="PASS" starttime="20220928 13:30:20.791" endtime="20220928 13:30:20.886"/>
</kw>
<kw name="Click Item" library="Common">
<arg>//a[normalize-space()='Configure Reference Key']</arg>
<kw name="Wait Until Element Is Visible" library="SeleniumLibrary">
<arg>${locator}</arg>
<doc>Waits until the element ``locator`` is visible.</doc>
<status status="PASS" starttime="20220928 13:30:20.886" endtime="20220928 13:30:20.916"/>
</kw>
<kw name="Wait Until Keyword Succeeds" library="BuiltIn">
<arg>${TimeOut}</arg>
<arg>${Start}</arg>
<arg>SeleniumLibrary.click element</arg>
<arg>${locator}</arg>
<doc>Runs the specified keyword and retries if it fails.</doc>
<kw name="Click Element" library="SeleniumLibrary">
<arg>${locator}</arg>
<doc>Click the element identified by ``locator``.</doc>
<msg timestamp="20220928 13:30:20.919" level="INFO">Clicking element '//a[normalize-space()='Configure Reference Key']'.</msg>
<status status="PASS" starttime="20220928 13:30:20.918" endtime="20220928 13:30:20.985"/>
</kw>
<status status="PASS" starttime="20220928 13:30:20.917" endtime="20220928 13:30:20.985"/>
</kw>
<status status="PASS" starttime="20220928 13:30:20.886" endtime="20220928 13:30:20.985"/>
</kw>
<for flavor="IN RANGE">
<var>${i}</var>
<value>0</value>
<value>${row}-1</value>
<iter>
<var name="${i}">0</var>
<kw name="Sleep" library="BuiltIn">
<arg>7s</arg>
<doc>Pauses the test executed for the given time.</doc>
<msg timestamp="20220928 13:30:27.993" level="INFO">Slept 7 seconds</msg>
<status status="PASS" starttime="20220928 13:30:20.986" endtime="20220928 13:30:27.993"/>
</kw>
<kw name="Click Item" library="Common">
<arg>//div[@class=' css-ackcql']</arg>
<kw name="Wait Until Element Is Visible" library="SeleniumLibrary">
<arg>${locator}</arg>
<doc>Waits until the element ``locator`` is visible.</doc>
<status status="PASS" starttime="20220928 13:30:27.995" endtime="20220928 13:30:28.043"/>
</kw>
<kw name="Wait Until Keyword Succeeds" library="BuiltIn">
<arg>${TimeOut}</arg>
<arg>${Start}</arg>
<arg>SeleniumLibrary.click element</arg>
<arg>${locator}</arg>
<doc>Runs the specified keyword and retries if it fails.</doc>
<kw name="Click Element" library="SeleniumLibrary">
<arg>${locator}</arg>
<doc>Click the element identified by ``locator``.</doc>
<msg timestamp="20220928 13:30:28.046" level="INFO">Clicking element '//div[@class=' css-ackcql']'.</msg>
<status status="PASS" starttime="20220928 13:30:28.045" endtime="20220928 13:30:28.165"/>
</kw>
<status status="PASS" starttime="20220928 13:30:28.044" endtime="20220928 13:30:28.165"/>
</kw>
<status status="PASS" starttime="20220928 13:30:27.993" endtime="20220928 13:30:28.165"/>
</kw>
<kw name="Click Item" library="Common">
<arg>//button[@class='btn drop-down-button btn-sm btn-block cursor']</arg>
<kw name="Wait Until Element Is Visible" library="SeleniumLibrary">
<arg>${locator}</arg>
<doc>Waits until the element ``locator`` is visible.</doc>
<status status="PASS" starttime="20220928 13:30:28.167" endtime="20220928 13:30:28.205"/>
</kw>
<kw name="Wait Until Keyword Succeeds" library="BuiltIn">
<arg>${TimeOut}</arg>
<arg>${Start}</arg>
<arg>SeleniumLibrary.click element</arg>
<arg>${locator}</arg>
<doc>Runs the specified keyword and retries if it fails.</doc>
<kw name="Click Element" library="SeleniumLibrary">
<arg>${locator}</arg>
<doc>Click the element identified by ``locator``.</doc>
<msg timestamp="20220928 13:30:28.207" level="INFO">Clicking element '//button[@class='btn drop-down-button btn-sm btn-block cursor']'.</msg>
<msg timestamp="20220928 13:30:29.229" level="INFO" html="true">&lt;/td&gt;&lt;/tr&gt;&lt;tr&gt;&lt;td colspan="3"&gt;&lt;a href="selenium-screenshot-141.png"&gt;&lt;img src="selenium-screenshot-141.png" width="800px"&gt;&lt;/a&gt;</msg>
<msg timestamp="20220928 13:30:29.232" level="FAIL">StaleElementReferenceException: Message: stale element reference: element is not attached to the page document
  (Session info: chrome=105.0.5195.127)
</msg>
<status status="FAIL" starttime="20220928 13:30:28.207" endtime="20220928 13:30:29.238"/>
</kw>
<kw name="Click Element" library="SeleniumLibrary">
<arg>${locator}</arg>
<doc>Click the element identified by ``locator``.</doc>
<msg timestamp="20220928 13:30:30.251" level="INFO">Clicking element '//button[@class='btn drop-down-button btn-sm btn-block cursor']'.</msg>
<status status="PASS" starttime="20220928 13:30:30.249" endtime="20220928 13:30:30.348"/>
</kw>
<status status="PASS" starttime="20220928 13:30:28.205" endtime="20220928 13:30:30.348"/>
</kw>
<status status="PASS" starttime="20220928 13:30:28.166" endtime="20220928 13:30:30.348"/>
</kw>
<kw name="Fetch Row Data" library="Read_TestData_Keyword">
<var>${data}</var>
<arg>${SMARTFREN_TESTDATA}</arg>
<arg>SMARTFERN_ADD_REFERNCE_KEY</arg>
<arg>${i}</arg>
<kw name="Fetch Row" library="ReadDataFromExcel">
<var>${rowdata}</var>
<arg>${filename}</arg>
<arg>${sheetname}</arg>
<arg>${row}</arg>
<msg timestamp="20220928 13:30:30.531" level="INFO">${rowdata} =   DUPLICATE_ENTRY TestCaseId TestDataId  Scenario DROP_DOWN                           MESSAGE
0     TC_001TD_01     TC_001      TD_01  NEGATIVE  TEST_314  Reference key name already exist</msg>
<status status="PASS" starttime="20220928 13:30:30.351" endtime="20220928 13:30:30.531"/>
</kw>
<msg timestamp="20220928 13:30:30.546" level="INFO">${data} =   DUPLICATE_ENTRY TestCaseId TestDataId  Scenario DROP_DOWN                           MESSAGE
0     TC_001TD_01     TC_001      TD_01  NEGATIVE  TEST_314  Reference key name already exist</msg>
<status status="PASS" starttime="20220928 13:30:30.349" endtime="20220928 13:30:30.547"/>
</kw>
<kw name="Get Value1" library="ReadDataFromExcel">
<var>${DROP_DOWN}</var>
<arg>${data}</arg>
<arg>DROP_DOWN</arg>
<msg timestamp="20220928 13:30:30.549" level="INFO">${DROP_DOWN} = TEST_314</msg>
<status status="PASS" starttime="20220928 13:30:30.547" endtime="20220928 13:30:30.549"/>
</kw>
<kw name="Get Value1" library="ReadDataFromExcel">
<var>${Scenario}</var>
<arg>${data}</arg>
<arg>Scenario</arg>
<msg timestamp="20220928 13:30:30.551" level="INFO">${Scenario} = NEGATIVE</msg>
<status status="PASS" starttime="20220928 13:30:30.550" endtime="20220928 13:30:30.551"/>
</kw>
<kw name="Get Value1" library="ReadDataFromExcel">
<var>${MESSAGE}</var>
<arg>${data}</arg>
<arg>MESSAGE</arg>
<msg timestamp="20220928 13:30:30.552" level="INFO">${MESSAGE} = Reference key name already exist</msg>
<status status="PASS" starttime="20220928 13:30:30.551" endtime="20220928 13:30:30.552"/>
</kw>
<kw name="Get Value1" library="ReadDataFromExcel">
<var>${TestCaseId}</var>
<arg>${data}</arg>
<arg>TestCaseId</arg>
<msg timestamp="20220928 13:30:30.553" level="INFO">${TestCaseId} = TC_001</msg>
<status status="PASS" starttime="20220928 13:30:30.552" endtime="20220928 13:30:30.553"/>
</kw>
<kw name="Get Value1" library="ReadDataFromExcel">
<var>${TestDataId}</var>
<arg>${data}</arg>
<arg>TestDataId</arg>
<msg timestamp="20220928 13:30:30.554" level="INFO">${TestDataId} = TD_01</msg>
<status status="PASS" starttime="20220928 13:30:30.553" endtime="20220928 13:30:30.554"/>
</kw>
<kw name="Set Input" library="Common">
<arg>//input[@id='dropDownValue__id']</arg>
<arg>${DROP_DOWN}</arg>
<kw name="Wait Until Element Is Visible" library="SeleniumLibrary">
<arg>${locator}</arg>
<doc>Waits until the element ``locator`` is visible.</doc>
<status status="PASS" starttime="20220928 13:30:30.555" endtime="20220928 13:30:30.856"/>
</kw>
<kw name="Wait Until Keyword Succeeds" library="BuiltIn">
<arg>${TimeOut}</arg>
<arg>${Start}</arg>
<arg>SeleniumLibrary.click element</arg>
<arg>${locator}</arg>
<doc>Runs the specified keyword and retries if it fails.</doc>
<kw name="Click Element" library="SeleniumLibrary">
<arg>${locator}</arg>
<doc>Click the element identified by ``locator``.</doc>
<msg timestamp="20220928 13:30:30.860" level="INFO">Clicking element '//input[@id='dropDownValue__id']'.</msg>
<status status="PASS" starttime="20220928 13:30:30.859" endtime="20220928 13:30:30.968"/>
</kw>
<status status="PASS" starttime="20220928 13:30:30.857" endtime="20220928 13:30:30.968"/>
</kw>
<kw name="Click Element" library="SeleniumLibrary">
<arg>${locator}</arg>
<doc>Click the element identified by ``locator``.</doc>
<msg timestamp="20220928 13:30:30.969" level="INFO">Clicking element '//input[@id='dropDownValue__id']'.</msg>
<status status="PASS" starttime="20220928 13:30:30.969" endtime="20220928 13:30:31.052"/>
</kw>
<kw name="Run Keyword If" library="BuiltIn">
<arg>'${value}' == 'nan'</arg>
<arg>Log To Console</arg>
<arg>NANACONDITION</arg>
<arg>ELSE IF</arg>
<arg>'${value}' == 'BLANK'</arg>
<arg>Wait Until Keyword Succeeds</arg>
<arg>${TimeOut}</arg>
<arg>${Start}</arg>
<arg>SeleniumLibrary.Input Text</arg>
<arg>${locator}</arg>
<arg>ELSE</arg>
<arg>Wait Until Keyword Succeeds</arg>
<arg>${TimeOut}</arg>
<arg>${Start}</arg>
<arg>SeleniumLibrary.Input Text</arg>
<arg>${locator}</arg>
<arg>${value}</arg>
<doc>Runs the given keyword with the given arguments, if ``condition`` is true.</doc>
<kw name="Wait Until Keyword Succeeds" library="BuiltIn">
<arg>${TimeOut}</arg>
<arg>${Start}</arg>
<arg>SeleniumLibrary.Input Text</arg>
<arg>${locator}</arg>
<arg>${value}</arg>
<doc>Runs the specified keyword and retries if it fails.</doc>
<kw name="Input Text" library="SeleniumLibrary">
<arg>${locator}</arg>
<arg>${value}</arg>
<doc>Types the given ``text`` into the text field identified by ``locator``.</doc>
<msg timestamp="20220928 13:30:31.056" level="INFO">Typing text 'TEST_314' into text field '//input[@id='dropDownValue__id']'.</msg>
<status status="PASS" starttime="20220928 13:30:31.055" endtime="20220928 13:30:31.157"/>
</kw>
<status status="PASS" starttime="20220928 13:30:31.054" endtime="20220928 13:30:31.158"/>
</kw>
<status status="PASS" starttime="20220928 13:30:31.052" endtime="20220928 13:30:31.158"/>
</kw>
<status status="PASS" starttime="20220928 13:30:30.554" endtime="20220928 13:30:31.158"/>
</kw>
<kw name="Click Item" library="Common">
<arg>//div[normalize-space()='Create']</arg>
<kw name="Wait Until Element Is Visible" library="SeleniumLibrary">
<arg>${locator}</arg>
<doc>Waits until the element ``locator`` is visible.</doc>
<status status="PASS" starttime="20220928 13:30:31.159" endtime="20220928 13:30:31.203"/>
</kw>
<kw name="Wait Until Keyword Succeeds" library="BuiltIn">
<arg>${TimeOut}</arg>
<arg>${Start}</arg>
<arg>SeleniumLibrary.click element</arg>
<arg>${locator}</arg>
<doc>Runs the specified keyword and retries if it fails.</doc>
<kw name="Click Element" library="SeleniumLibrary">
<arg>${locator}</arg>
<doc>Click the element identified by ``locator``.</doc>
<msg timestamp="20220928 13:30:31.206" level="INFO">Clicking element '//div[normalize-space()='Create']'.</msg>
<status status="PASS" starttime="20220928 13:30:31.206" endtime="20220928 13:30:31.294"/>
</kw>
<status status="PASS" starttime="20220928 13:30:31.204" endtime="20220928 13:30:31.294"/>
</kw>
<status status="PASS" starttime="20220928 13:30:31.159" endtime="20220928 13:30:31.294"/>
</kw>
<if>
<branch type="IF" condition="'${Scenario}' == 'POSITIVE'">
<kw name="Capture Page Screenshot" library="SeleniumLibrary">
<arg>${SCREENSHOT_LOC}/ADD_REFERENCE_KEY_${TestCaseId}_${TestDataId}_${Scenario}.png</arg>
<doc>Takes a screenshot of the current page and embeds it into a log file.</doc>
<status status="NOT RUN" starttime="20220928 13:30:31.295" endtime="20220928 13:30:31.295"/>
</kw>
<status status="NOT RUN" starttime="20220928 13:30:31.294" endtime="20220928 13:30:31.295"/>
</branch>
<status status="PASS" starttime="20220928 13:30:31.294" endtime="20220928 13:30:31.296"/>
</if>
<if>
<branch type="IF" condition="'${Scenario}' == 'NEGATIVE'">
<kw name="Log To Console" library="BuiltIn">
<arg>negative</arg>
<doc>Logs the given message to the console.</doc>
<status status="PASS" starttime="20220928 13:30:31.297" endtime="20220928 13:30:31.298"/>
</kw>
<kw name="Click Item" library="Common">
<arg>//div[contains(text(),' Cancel')]</arg>
<kw name="Wait Until Element Is Visible" library="SeleniumLibrary">
<arg>${locator}</arg>
<doc>Waits until the element ``locator`` is visible.</doc>
<status status="PASS" starttime="20220928 13:30:31.300" endtime="20220928 13:30:31.345"/>
</kw>
<kw name="Wait Until Keyword Succeeds" library="BuiltIn">
<arg>${TimeOut}</arg>
<arg>${Start}</arg>
<arg>SeleniumLibrary.click element</arg>
<arg>${locator}</arg>
<doc>Runs the specified keyword and retries if it fails.</doc>
<kw name="Click Element" library="SeleniumLibrary">
<arg>${locator}</arg>
<doc>Click the element identified by ``locator``.</doc>
<msg timestamp="20220928 13:30:31.348" level="INFO">Clicking element '//div[contains(text(),' Cancel')]'.</msg>
<status status="PASS" starttime="20220928 13:30:31.347" endtime="20220928 13:30:31.898"/>
</kw>
<status status="PASS" starttime="20220928 13:30:31.346" endtime="20220928 13:30:31.898"/>
</kw>
<status status="PASS" starttime="20220928 13:30:31.298" endtime="20220928 13:30:31.898"/>
</kw>
<status status="PASS" starttime="20220928 13:30:31.296" endtime="20220928 13:30:31.898"/>
</branch>
<status status="PASS" starttime="20220928 13:30:31.296" endtime="20220928 13:30:31.898"/>
</if>
<status status="PASS" starttime="20220928 13:30:20.986" endtime="20220928 13:30:31.898"/>
</iter>
<iter>
<var name="${i}">1</var>
<kw name="Sleep" library="BuiltIn">
<arg>7s</arg>
<doc>Pauses the test executed for the given time.</doc>
<msg timestamp="20220928 13:30:38.901" level="INFO">Slept 7 seconds</msg>
<status status="PASS" starttime="20220928 13:30:31.899" endtime="20220928 13:30:38.901"/>
</kw>
<kw name="Click Item" library="Common">
<arg>//div[@class=' css-ackcql']</arg>
<kw name="Wait Until Element Is Visible" library="SeleniumLibrary">
<arg>${locator}</arg>
<doc>Waits until the element ``locator`` is visible.</doc>
<status status="PASS" starttime="20220928 13:30:38.903" endtime="20220928 13:30:38.942"/>
</kw>
<kw name="Wait Until Keyword Succeeds" library="BuiltIn">
<arg>${TimeOut}</arg>
<arg>${Start}</arg>
<arg>SeleniumLibrary.click element</arg>
<arg>${locator}</arg>
<doc>Runs the specified keyword and retries if it fails.</doc>
<kw name="Click Element" library="SeleniumLibrary">
<arg>${locator}</arg>
<doc>Click the element identified by ``locator``.</doc>
<msg timestamp="20220928 13:30:38.944" level="INFO">Clicking element '//div[@class=' css-ackcql']'.</msg>
<status status="PASS" starttime="20220928 13:30:38.943" endtime="20220928 13:30:39.014"/>
</kw>
<status status="PASS" starttime="20220928 13:30:38.942" endtime="20220928 13:30:39.014"/>
</kw>
<status status="PASS" starttime="20220928 13:30:38.902" endtime="20220928 13:30:39.014"/>
</kw>
<kw name="Click Item" library="Common">
<arg>//button[@class='btn drop-down-button btn-sm btn-block cursor']</arg>
<kw name="Wait Until Element Is Visible" library="SeleniumLibrary">
<arg>${locator}</arg>
<doc>Waits until the element ``locator`` is visible.</doc>
<status status="PASS" starttime="20220928 13:30:39.016" endtime="20220928 13:30:39.057"/>
</kw>
<kw name="Wait Until Keyword Succeeds" library="BuiltIn">
<arg>${TimeOut}</arg>
<arg>${Start}</arg>
<arg>SeleniumLibrary.click element</arg>
<arg>${locator}</arg>
<doc>Runs the specified keyword and retries if it fails.</doc>
<kw name="Click Element" library="SeleniumLibrary">
<arg>${locator}</arg>
<doc>Click the element identified by ``locator``.</doc>
<msg timestamp="20220928 13:30:39.061" level="INFO">Clicking element '//button[@class='btn drop-down-button btn-sm btn-block cursor']'.</msg>
<msg timestamp="20220928 13:30:40.345" level="INFO" html="true">&lt;/td&gt;&lt;/tr&gt;&lt;tr&gt;&lt;td colspan="3"&gt;&lt;a href="selenium-screenshot-142.png"&gt;&lt;img src="selenium-screenshot-142.png" width="800px"&gt;&lt;/a&gt;</msg>
<msg timestamp="20220928 13:30:40.348" level="FAIL">ElementClickInterceptedException: Message: element click intercepted: Element &lt;button class="btn drop-down-button btn-sm btn-block cursor" style="font-weight: 600; font-size: 14px;"&gt;...&lt;/button&gt; is not clickable at point (440, 288). Other element would receive the click: &lt;div class="loadingPageContainer" style="background: rgba(0, 0, 0, 0.5); width: 100%;"&gt;...&lt;/div&gt;
  (Session info: chrome=105.0.5195.127)
</msg>
<status status="FAIL" starttime="20220928 13:30:39.060" endtime="20220928 13:30:40.349"/>
</kw>
<kw name="Click Element" library="SeleniumLibrary">
<arg>${locator}</arg>
<doc>Click the element identified by ``locator``.</doc>
<msg timestamp="20220928 13:30:41.354" level="INFO">Clicking element '//button[@class='btn drop-down-button btn-sm btn-block cursor']'.</msg>
<status status="PASS" starttime="20220928 13:30:41.353" endtime="20220928 13:30:41.435"/>
</kw>
<status status="PASS" starttime="20220928 13:30:39.058" endtime="20220928 13:30:41.435"/>
</kw>
<status status="PASS" starttime="20220928 13:30:39.014" endtime="20220928 13:30:41.436"/>
</kw>
<kw name="Fetch Row Data" library="Read_TestData_Keyword">
<var>${data}</var>
<arg>${SMARTFREN_TESTDATA}</arg>
<arg>SMARTFERN_ADD_REFERNCE_KEY</arg>
<arg>${i}</arg>
<kw name="Fetch Row" library="ReadDataFromExcel">
<var>${rowdata}</var>
<arg>${filename}</arg>
<arg>${sheetname}</arg>
<arg>${row}</arg>
<msg timestamp="20220928 13:30:41.650" level="INFO">${rowdata} =   DUPLICATE_ENTRY TestCaseId TestDataId  Scenario DROP_DOWN                     MESSAGE
1     TC_001TD_02     TC_001      TD_02  POSITIVE  TEST_372  Cofig Created Successfully</msg>
<status status="PASS" starttime="20220928 13:30:41.439" endtime="20220928 13:30:41.651"/>
</kw>
<msg timestamp="20220928 13:30:41.668" level="INFO">${data} =   DUPLICATE_ENTRY TestCaseId TestDataId  Scenario DROP_DOWN                     MESSAGE
1     TC_001TD_02     TC_001      TD_02  POSITIVE  TEST_372  Cofig Created Successfully</msg>
<status status="PASS" starttime="20220928 13:30:41.437" endtime="20220928 13:30:41.668"/>
</kw>
<kw name="Get Value1" library="ReadDataFromExcel">
<var>${DROP_DOWN}</var>
<arg>${data}</arg>
<arg>DROP_DOWN</arg>
<msg timestamp="20220928 13:30:41.672" level="INFO">${DROP_DOWN} = TEST_372</msg>
<status status="PASS" starttime="20220928 13:30:41.669" endtime="20220928 13:30:41.672"/>
</kw>
<kw name="Get Value1" library="ReadDataFromExcel">
<var>${Scenario}</var>
<arg>${data}</arg>
<arg>Scenario</arg>
<msg timestamp="20220928 13:30:41.672" level="INFO">${Scenario} = POSITIVE</msg>
<status status="PASS" starttime="20220928 13:30:41.672" endtime="20220928 13:30:41.672"/>
</kw>
<kw name="Get Value1" library="ReadDataFromExcel">
<var>${MESSAGE}</var>
<arg>${data}</arg>
<arg>MESSAGE</arg>
<msg timestamp="20220928 13:30:41.674" level="INFO">${MESSAGE} = Cofig Created Successfully</msg>
<status status="PASS" starttime="20220928 13:30:41.673" endtime="20220928 13:30:41.674"/>
</kw>
<kw name="Get Value1" library="ReadDataFromExcel">
<var>${TestCaseId}</var>
<arg>${data}</arg>
<arg>TestCaseId</arg>
<msg timestamp="20220928 13:30:41.675" level="INFO">${TestCaseId} = TC_001</msg>
<status status="PASS" starttime="20220928 13:30:41.674" endtime="20220928 13:30:41.675"/>
</kw>
<kw name="Get Value1" library="ReadDataFromExcel">
<var>${TestDataId}</var>
<arg>${data}</arg>
<arg>TestDataId</arg>
<msg timestamp="20220928 13:30:41.676" level="INFO">${TestDataId} = TD_02</msg>
<status status="PASS" starttime="20220928 13:30:41.675" endtime="20220928 13:30:41.676"/>
</kw>
<kw name="Set Input" library="Common">
<arg>//input[@id='dropDownValue__id']</arg>
<arg>${DROP_DOWN}</arg>
<kw name="Wait Until Element Is Visible" library="SeleniumLibrary">
<arg>${locator}</arg>
<doc>Waits until the element ``locator`` is visible.</doc>
<status status="PASS" starttime="20220928 13:30:41.677" endtime="20220928 13:30:41.956"/>
</kw>
<kw name="Wait Until Keyword Succeeds" library="BuiltIn">
<arg>${TimeOut}</arg>
<arg>${Start}</arg>
<arg>SeleniumLibrary.click element</arg>
<arg>${locator}</arg>
<doc>Runs the specified keyword and retries if it fails.</doc>
<kw name="Click Element" library="SeleniumLibrary">
<arg>${locator}</arg>
<doc>Click the element identified by ``locator``.</doc>
<msg timestamp="20220928 13:30:41.959" level="INFO">Clicking element '//input[@id='dropDownValue__id']'.</msg>
<status status="PASS" starttime="20220928 13:30:41.958" endtime="20220928 13:30:42.035"/>
</kw>
<status status="PASS" starttime="20220928 13:30:41.956" endtime="20220928 13:30:42.035"/>
</kw>
<kw name="Click Element" library="SeleniumLibrary">
<arg>${locator}</arg>
<doc>Click the element identified by ``locator``.</doc>
<msg timestamp="20220928 13:30:42.037" level="INFO">Clicking element '//input[@id='dropDownValue__id']'.</msg>
<status status="PASS" starttime="20220928 13:30:42.036" endtime="20220928 13:30:42.116"/>
</kw>
<kw name="Run Keyword If" library="BuiltIn">
<arg>'${value}' == 'nan'</arg>
<arg>Log To Console</arg>
<arg>NANACONDITION</arg>
<arg>ELSE IF</arg>
<arg>'${value}' == 'BLANK'</arg>
<arg>Wait Until Keyword Succeeds</arg>
<arg>${TimeOut}</arg>
<arg>${Start}</arg>
<arg>SeleniumLibrary.Input Text</arg>
<arg>${locator}</arg>
<arg>ELSE</arg>
<arg>Wait Until Keyword Succeeds</arg>
<arg>${TimeOut}</arg>
<arg>${Start}</arg>
<arg>SeleniumLibrary.Input Text</arg>
<arg>${locator}</arg>
<arg>${value}</arg>
<doc>Runs the given keyword with the given arguments, if ``condition`` is true.</doc>
<kw name="Wait Until Keyword Succeeds" library="BuiltIn">
<arg>${TimeOut}</arg>
<arg>${Start}</arg>
<arg>SeleniumLibrary.Input Text</arg>
<arg>${locator}</arg>
<arg>${value}</arg>
<doc>Runs the specified keyword and retries if it fails.</doc>
<kw name="Input Text" library="SeleniumLibrary">
<arg>${locator}</arg>
<arg>${value}</arg>
<doc>Types the given ``text`` into the text field identified by ``locator``.</doc>
<msg timestamp="20220928 13:30:42.121" level="INFO">Typing text 'TEST_372' into text field '//input[@id='dropDownValue__id']'.</msg>
<status status="PASS" starttime="20220928 13:30:42.120" endtime="20220928 13:30:42.238"/>
</kw>
<status status="PASS" starttime="20220928 13:30:42.118" endtime="20220928 13:30:42.238"/>
</kw>
<status status="PASS" starttime="20220928 13:30:42.117" endtime="20220928 13:30:42.240"/>
</kw>
<status status="PASS" starttime="20220928 13:30:41.676" endtime="20220928 13:30:42.240"/>
</kw>
<kw name="Click Item" library="Common">
<arg>//div[normalize-space()='Create']</arg>
<kw name="Wait Until Element Is Visible" library="SeleniumLibrary">
<arg>${locator}</arg>
<doc>Waits until the element ``locator`` is visible.</doc>
<status status="PASS" starttime="20220928 13:30:42.242" endtime="20220928 13:30:42.280"/>
</kw>
<kw name="Wait Until Keyword Succeeds" library="BuiltIn">
<arg>${TimeOut}</arg>
<arg>${Start}</arg>
<arg>SeleniumLibrary.click element</arg>
<arg>${locator}</arg>
<doc>Runs the specified keyword and retries if it fails.</doc>
<kw name="Click Element" library="SeleniumLibrary">
<arg>${locator}</arg>
<doc>Click the element identified by ``locator``.</doc>
<msg timestamp="20220928 13:30:42.282" level="INFO">Clicking element '//div[normalize-space()='Create']'.</msg>
<status status="PASS" starttime="20220928 13:30:42.281" endtime="20220928 13:30:42.364"/>
</kw>
<status status="PASS" starttime="20220928 13:30:42.280" endtime="20220928 13:30:42.364"/>
</kw>
<status status="PASS" starttime="20220928 13:30:42.241" endtime="20220928 13:30:42.364"/>
</kw>
<if>
<branch type="IF" condition="'${Scenario}' == 'POSITIVE'">
<kw name="Capture Page Screenshot" library="SeleniumLibrary">
<arg>${SCREENSHOT_LOC}/ADD_REFERENCE_KEY_${TestCaseId}_${TestDataId}_${Scenario}.png</arg>
<doc>Takes a screenshot of the current page and embeds it into a log file.</doc>
<msg timestamp="20220928 13:30:42.502" level="INFO" html="true">&lt;/td&gt;&lt;/tr&gt;&lt;tr&gt;&lt;td colspan="3"&gt;&lt;a href="Screenshots/ADD_REFERENCE_KEY_TC_001_TD_02_POSITIVE.png"&gt;&lt;img src="Screenshots/ADD_REFERENCE_KEY_TC_001_TD_02_POSITIVE.png" width="800px"&gt;&lt;/a&gt;</msg>
<status status="PASS" starttime="20220928 13:30:42.365" endtime="20220928 13:30:42.502"/>
</kw>
<status status="PASS" starttime="20220928 13:30:42.365" endtime="20220928 13:30:42.502"/>
</branch>
<status status="PASS" starttime="20220928 13:30:42.364" endtime="20220928 13:30:42.502"/>
</if>
<if>
<branch type="IF" condition="'${Scenario}' == 'NEGATIVE'">
<kw name="Log To Console" library="BuiltIn">
<arg>negative</arg>
<doc>Logs the given message to the console.</doc>
<status status="NOT RUN" starttime="20220928 13:30:42.503" endtime="20220928 13:30:42.503"/>
</kw>
<kw name="Click Item" library="Common">
<arg>//div[contains(text(),' Cancel')]</arg>
<status status="NOT RUN" starttime="20220928 13:30:42.503" endtime="20220928 13:30:42.503"/>
</kw>
<status status="NOT RUN" starttime="20220928 13:30:42.503" endtime="20220928 13:30:42.503"/>
</branch>
<status status="PASS" starttime="20220928 13:30:42.502" endtime="20220928 13:30:42.504"/>
</if>
<status status="PASS" starttime="20220928 13:30:31.899" endtime="20220928 13:30:42.504"/>
</iter>
<iter>
<var name="${i}">2</var>
<kw name="Sleep" library="BuiltIn">
<arg>7s</arg>
<doc>Pauses the test executed for the given time.</doc>
<msg timestamp="20220928 13:30:49.514" level="INFO">Slept 7 seconds</msg>
<status status="PASS" starttime="20220928 13:30:42.504" endtime="20220928 13:30:49.514"/>
</kw>
<kw name="Click Item" library="Common">
<arg>//div[@class=' css-ackcql']</arg>
<kw name="Wait Until Element Is Visible" library="SeleniumLibrary">
<arg>${locator}</arg>
<doc>Waits until the element ``locator`` is visible.</doc>
<status status="PASS" starttime="20220928 13:30:49.516" endtime="20220928 13:30:49.562"/>
</kw>
<kw name="Wait Until Keyword Succeeds" library="BuiltIn">
<arg>${TimeOut}</arg>
<arg>${Start}</arg>
<arg>SeleniumLibrary.click element</arg>
<arg>${locator}</arg>
<doc>Runs the specified keyword and retries if it fails.</doc>
<kw name="Click Element" library="SeleniumLibrary">
<arg>${locator}</arg>
<doc>Click the element identified by ``locator``.</doc>
<msg timestamp="20220928 13:30:49.565" level="INFO">Clicking element '//div[@class=' css-ackcql']'.</msg>
<status status="PASS" starttime="20220928 13:30:49.564" endtime="20220928 13:30:49.651"/>
</kw>
<status status="PASS" starttime="20220928 13:30:49.562" endtime="20220928 13:30:49.651"/>
</kw>
<status status="PASS" starttime="20220928 13:30:49.514" endtime="20220928 13:30:49.651"/>
</kw>
<kw name="Click Item" library="Common">
<arg>//button[@class='btn drop-down-button btn-sm btn-block cursor']</arg>
<kw name="Wait Until Element Is Visible" library="SeleniumLibrary">
<arg>${locator}</arg>
<doc>Waits until the element ``locator`` is visible.</doc>
<status status="PASS" starttime="20220928 13:30:49.653" endtime="20220928 13:30:49.691"/>
</kw>
<kw name="Wait Until Keyword Succeeds" library="BuiltIn">
<arg>${TimeOut}</arg>
<arg>${Start}</arg>
<arg>SeleniumLibrary.click element</arg>
<arg>${locator}</arg>
<doc>Runs the specified keyword and retries if it fails.</doc>
<kw name="Click Element" library="SeleniumLibrary">
<arg>${locator}</arg>
<doc>Click the element identified by ``locator``.</doc>
<msg timestamp="20220928 13:30:49.693" level="INFO">Clicking element '//button[@class='btn drop-down-button btn-sm btn-block cursor']'.</msg>
<msg timestamp="20220928 13:30:50.930" level="INFO" html="true">&lt;/td&gt;&lt;/tr&gt;&lt;tr&gt;&lt;td colspan="3"&gt;&lt;a href="selenium-screenshot-143.png"&gt;&lt;img src="selenium-screenshot-143.png" width="800px"&gt;&lt;/a&gt;</msg>
<msg timestamp="20220928 13:30:50.930" level="FAIL">ElementClickInterceptedException: Message: element click intercepted: Element &lt;button class="btn drop-down-button btn-sm btn-block cursor" style="font-weight: 600; font-size: 14px;"&gt;...&lt;/button&gt; is not clickable at point (440, 288). Other element would receive the click: &lt;div class="loadingPageContainer" style="background: rgba(0, 0, 0, 0.5); width: 100%;"&gt;...&lt;/div&gt;
  (Session info: chrome=105.0.5195.127)
</msg>
<status status="FAIL" starttime="20220928 13:30:49.693" endtime="20220928 13:30:50.931"/>
</kw>
<kw name="Click Element" library="SeleniumLibrary">
<arg>${locator}</arg>
<doc>Click the element identified by ``locator``.</doc>
<msg timestamp="20220928 13:30:51.935" level="INFO">Clicking element '//button[@class='btn drop-down-button btn-sm btn-block cursor']'.</msg>
<status status="PASS" starttime="20220928 13:30:51.934" endtime="20220928 13:30:52.033"/>
</kw>
<status status="PASS" starttime="20220928 13:30:49.692" endtime="20220928 13:30:52.034"/>
</kw>
<status status="PASS" starttime="20220928 13:30:49.652" endtime="20220928 13:30:52.034"/>
</kw>
<kw name="Fetch Row Data" library="Read_TestData_Keyword">
<var>${data}</var>
<arg>${SMARTFREN_TESTDATA}</arg>
<arg>SMARTFERN_ADD_REFERNCE_KEY</arg>
<arg>${i}</arg>
<kw name="Fetch Row" library="ReadDataFromExcel">
<var>${rowdata}</var>
<arg>${filename}</arg>
<arg>${sheetname}</arg>
<arg>${row}</arg>
<msg timestamp="20220928 13:30:52.165" level="INFO">${rowdata} =   DUPLICATE_ENTRY TestCaseId TestDataId  Scenario DROP_DOWN                     MESSAGE
2     TC_001TD_03     TC_001      TD_03  POSITIVE  TEST_377  Cofig Created Successfully</msg>
<status status="PASS" starttime="20220928 13:30:52.035" endtime="20220928 13:30:52.165"/>
</kw>
<msg timestamp="20220928 13:30:52.184" level="INFO">${data} =   DUPLICATE_ENTRY TestCaseId TestDataId  Scenario DROP_DOWN                     MESSAGE
2     TC_001TD_03     TC_001      TD_03  POSITIVE  TEST_377  Cofig Created Successfully</msg>
<status status="PASS" starttime="20220928 13:30:52.034" endtime="20220928 13:30:52.184"/>
</kw>
<kw name="Get Value1" library="ReadDataFromExcel">
<var>${DROP_DOWN}</var>
<arg>${data}</arg>
<arg>DROP_DOWN</arg>
<msg timestamp="20220928 13:30:52.185" level="INFO">${DROP_DOWN} = TEST_377</msg>
<status status="PASS" starttime="20220928 13:30:52.184" endtime="20220928 13:30:52.185"/>
</kw>
<kw name="Get Value1" library="ReadDataFromExcel">
<var>${Scenario}</var>
<arg>${data}</arg>
<arg>Scenario</arg>
<msg timestamp="20220928 13:30:52.186" level="INFO">${Scenario} = POSITIVE</msg>
<status status="PASS" starttime="20220928 13:30:52.186" endtime="20220928 13:30:52.187"/>
</kw>
<kw name="Get Value1" library="ReadDataFromExcel">
<var>${MESSAGE}</var>
<arg>${data}</arg>
<arg>MESSAGE</arg>
<msg timestamp="20220928 13:30:52.187" level="INFO">${MESSAGE} = Cofig Created Successfully</msg>
<status status="PASS" starttime="20220928 13:30:52.187" endtime="20220928 13:30:52.188"/>
</kw>
<kw name="Get Value1" library="ReadDataFromExcel">
<var>${TestCaseId}</var>
<arg>${data}</arg>
<arg>TestCaseId</arg>
<msg timestamp="20220928 13:30:52.189" level="INFO">${TestCaseId} = TC_001</msg>
<status status="PASS" starttime="20220928 13:30:52.188" endtime="20220928 13:30:52.189"/>
</kw>
<kw name="Get Value1" library="ReadDataFromExcel">
<var>${TestDataId}</var>
<arg>${data}</arg>
<arg>TestDataId</arg>
<msg timestamp="20220928 13:30:52.190" level="INFO">${TestDataId} = TD_03</msg>
<status status="PASS" starttime="20220928 13:30:52.189" endtime="20220928 13:30:52.190"/>
</kw>
<kw name="Set Input" library="Common">
<arg>//input[@id='dropDownValue__id']</arg>
<arg>${DROP_DOWN}</arg>
<kw name="Wait Until Element Is Visible" library="SeleniumLibrary">
<arg>${locator}</arg>
<doc>Waits until the element ``locator`` is visible.</doc>
<status status="PASS" starttime="20220928 13:30:52.192" endtime="20220928 13:30:52.473"/>
</kw>
<kw name="Wait Until Keyword Succeeds" library="BuiltIn">
<arg>${TimeOut}</arg>
<arg>${Start}</arg>
<arg>SeleniumLibrary.click element</arg>
<arg>${locator}</arg>
<doc>Runs the specified keyword and retries if it fails.</doc>
<kw name="Click Element" library="SeleniumLibrary">
<arg>${locator}</arg>
<doc>Click the element identified by ``locator``.</doc>
<msg timestamp="20220928 13:30:52.475" level="INFO">Clicking element '//input[@id='dropDownValue__id']'.</msg>
<status status="PASS" starttime="20220928 13:30:52.475" endtime="20220928 13:30:52.568"/>
</kw>
<status status="PASS" starttime="20220928 13:30:52.474" endtime="20220928 13:30:52.568"/>
</kw>
<kw name="Click Element" library="SeleniumLibrary">
<arg>${locator}</arg>
<doc>Click the element identified by ``locator``.</doc>
<msg timestamp="20220928 13:30:52.568" level="INFO">Clicking element '//input[@id='dropDownValue__id']'.</msg>
<status status="PASS" starttime="20220928 13:30:52.568" endtime="20220928 13:30:52.642"/>
</kw>
<kw name="Run Keyword If" library="BuiltIn">
<arg>'${value}' == 'nan'</arg>
<arg>Log To Console</arg>
<arg>NANACONDITION</arg>
<arg>ELSE IF</arg>
<arg>'${value}' == 'BLANK'</arg>
<arg>Wait Until Keyword Succeeds</arg>
<arg>${TimeOut}</arg>
<arg>${Start}</arg>
<arg>SeleniumLibrary.Input Text</arg>
<arg>${locator}</arg>
<arg>ELSE</arg>
<arg>Wait Until Keyword Succeeds</arg>
<arg>${TimeOut}</arg>
<arg>${Start}</arg>
<arg>SeleniumLibrary.Input Text</arg>
<arg>${locator}</arg>
<arg>${value}</arg>
<doc>Runs the given keyword with the given arguments, if ``condition`` is true.</doc>
<kw name="Wait Until Keyword Succeeds" library="BuiltIn">
<arg>${TimeOut}</arg>
<arg>${Start}</arg>
<arg>SeleniumLibrary.Input Text</arg>
<arg>${locator}</arg>
<arg>${value}</arg>
<doc>Runs the specified keyword and retries if it fails.</doc>
<kw name="Input Text" library="SeleniumLibrary">
<arg>${locator}</arg>
<arg>${value}</arg>
<doc>Types the given ``text`` into the text field identified by ``locator``.</doc>
<msg timestamp="20220928 13:30:52.646" level="INFO">Typing text 'TEST_377' into text field '//input[@id='dropDownValue__id']'.</msg>
<status status="PASS" starttime="20220928 13:30:52.645" endtime="20220928 13:30:52.761"/>
</kw>
<status status="PASS" starttime="20220928 13:30:52.644" endtime="20220928 13:30:52.761"/>
</kw>
<status status="PASS" starttime="20220928 13:30:52.643" endtime="20220928 13:30:52.761"/>
</kw>
<status status="PASS" starttime="20220928 13:30:52.190" endtime="20220928 13:30:52.761"/>
</kw>
<kw name="Click Item" library="Common">
<arg>//div[normalize-space()='Create']</arg>
<kw name="Wait Until Element Is Visible" library="SeleniumLibrary">
<arg>${locator}</arg>
<doc>Waits until the element ``locator`` is visible.</doc>
<status status="PASS" starttime="20220928 13:30:52.763" endtime="20220928 13:30:52.796"/>
</kw>
<kw name="Wait Until Keyword Succeeds" library="BuiltIn">
<arg>${TimeOut}</arg>
<arg>${Start}</arg>
<arg>SeleniumLibrary.click element</arg>
<arg>${locator}</arg>
<doc>Runs the specified keyword and retries if it fails.</doc>
<kw name="Click Element" library="SeleniumLibrary">
<arg>${locator}</arg>
<doc>Click the element identified by ``locator``.</doc>
<msg timestamp="20220928 13:30:52.800" level="INFO">Clicking element '//div[normalize-space()='Create']'.</msg>
<status status="PASS" starttime="20220928 13:30:52.798" endtime="20220928 13:30:52.884"/>
</kw>
<status status="PASS" starttime="20220928 13:30:52.797" endtime="20220928 13:30:52.884"/>
</kw>
<status status="PASS" starttime="20220928 13:30:52.762" endtime="20220928 13:30:52.885"/>
</kw>
<if>
<branch type="IF" condition="'${Scenario}' == 'POSITIVE'">
<kw name="Capture Page Screenshot" library="SeleniumLibrary">
<arg>${SCREENSHOT_LOC}/ADD_REFERENCE_KEY_${TestCaseId}_${TestDataId}_${Scenario}.png</arg>
<doc>Takes a screenshot of the current page and embeds it into a log file.</doc>
<msg timestamp="20220928 13:30:53.045" level="INFO" html="true">&lt;/td&gt;&lt;/tr&gt;&lt;tr&gt;&lt;td colspan="3"&gt;&lt;a href="Screenshots/ADD_REFERENCE_KEY_TC_001_TD_03_POSITIVE.png"&gt;&lt;img src="Screenshots/ADD_REFERENCE_KEY_TC_001_TD_03_POSITIVE.png" width="800px"&gt;&lt;/a&gt;</msg>
<status status="PASS" starttime="20220928 13:30:52.886" endtime="20220928 13:30:53.046"/>
</kw>
<status status="PASS" starttime="20220928 13:30:52.885" endtime="20220928 13:30:53.046"/>
</branch>
<status status="PASS" starttime="20220928 13:30:52.885" endtime="20220928 13:30:53.046"/>
</if>
<if>
<branch type="IF" condition="'${Scenario}' == 'NEGATIVE'">
<kw name="Log To Console" library="BuiltIn">
<arg>negative</arg>
<doc>Logs the given message to the console.</doc>
<status status="NOT RUN" starttime="20220928 13:30:53.047" endtime="20220928 13:30:53.047"/>
</kw>
<kw name="Click Item" library="Common">
<arg>//div[contains(text(),' Cancel')]</arg>
<status status="NOT RUN" starttime="20220928 13:30:53.048" endtime="20220928 13:30:53.048"/>
</kw>
<status status="NOT RUN" starttime="20220928 13:30:53.047" endtime="20220928 13:30:53.048"/>
</branch>
<status status="PASS" starttime="20220928 13:30:53.046" endtime="20220928 13:30:53.048"/>
</if>
<status status="PASS" starttime="20220928 13:30:42.504" endtime="20220928 13:30:53.048"/>
</iter>
<iter>
<var name="${i}">3</var>
<kw name="Sleep" library="BuiltIn">
<arg>7s</arg>
<doc>Pauses the test executed for the given time.</doc>
<msg timestamp="20220928 13:31:00.057" level="INFO">Slept 7 seconds</msg>
<status status="PASS" starttime="20220928 13:30:53.049" endtime="20220928 13:31:00.057"/>
</kw>
<kw name="Click Item" library="Common">
<arg>//div[@class=' css-ackcql']</arg>
<kw name="Wait Until Element Is Visible" library="SeleniumLibrary">
<arg>${locator}</arg>
<doc>Waits until the element ``locator`` is visible.</doc>
<status status="PASS" starttime="20220928 13:31:00.059" endtime="20220928 13:31:00.098"/>
</kw>
<kw name="Wait Until Keyword Succeeds" library="BuiltIn">
<arg>${TimeOut}</arg>
<arg>${Start}</arg>
<arg>SeleniumLibrary.click element</arg>
<arg>${locator}</arg>
<doc>Runs the specified keyword and retries if it fails.</doc>
<kw name="Click Element" library="SeleniumLibrary">
<arg>${locator}</arg>
<doc>Click the element identified by ``locator``.</doc>
<msg timestamp="20220928 13:31:00.102" level="INFO">Clicking element '//div[@class=' css-ackcql']'.</msg>
<status status="PASS" starttime="20220928 13:31:00.101" endtime="20220928 13:31:00.186"/>
</kw>
<status status="PASS" starttime="20220928 13:31:00.099" endtime="20220928 13:31:00.186"/>
</kw>
<status status="PASS" starttime="20220928 13:31:00.058" endtime="20220928 13:31:00.186"/>
</kw>
<kw name="Click Item" library="Common">
<arg>//button[@class='btn drop-down-button btn-sm btn-block cursor']</arg>
<kw name="Wait Until Element Is Visible" library="SeleniumLibrary">
<arg>${locator}</arg>
<doc>Waits until the element ``locator`` is visible.</doc>
<status status="PASS" starttime="20220928 13:31:00.187" endtime="20220928 13:31:00.232"/>
</kw>
<kw name="Wait Until Keyword Succeeds" library="BuiltIn">
<arg>${TimeOut}</arg>
<arg>${Start}</arg>
<arg>SeleniumLibrary.click element</arg>
<arg>${locator}</arg>
<doc>Runs the specified keyword and retries if it fails.</doc>
<kw name="Click Element" library="SeleniumLibrary">
<arg>${locator}</arg>
<doc>Click the element identified by ``locator``.</doc>
<msg timestamp="20220928 13:31:00.237" level="INFO">Clicking element '//button[@class='btn drop-down-button btn-sm btn-block cursor']'.</msg>
<msg timestamp="20220928 13:31:01.324" level="INFO" html="true">&lt;/td&gt;&lt;/tr&gt;&lt;tr&gt;&lt;td colspan="3"&gt;&lt;a href="selenium-screenshot-144.png"&gt;&lt;img src="selenium-screenshot-144.png" width="800px"&gt;&lt;/a&gt;</msg>
<msg timestamp="20220928 13:31:01.325" level="FAIL">StaleElementReferenceException: Message: stale element reference: element is not attached to the page document
  (Session info: chrome=105.0.5195.127)
</msg>
<status status="FAIL" starttime="20220928 13:31:00.235" endtime="20220928 13:31:01.326"/>
</kw>
<kw name="Click Element" library="SeleniumLibrary">
<arg>${locator}</arg>
<doc>Click the element identified by ``locator``.</doc>
<msg timestamp="20220928 13:31:02.327" level="INFO">Clicking element '//button[@class='btn drop-down-button btn-sm btn-block cursor']'.</msg>
<status status="PASS" starttime="20220928 13:31:02.326" endtime="20220928 13:31:02.417"/>
</kw>
<status status="PASS" starttime="20220928 13:31:00.233" endtime="20220928 13:31:02.418"/>
</kw>
<status status="PASS" starttime="20220928 13:31:00.186" endtime="20220928 13:31:02.418"/>
</kw>
<kw name="Fetch Row Data" library="Read_TestData_Keyword">
<var>${data}</var>
<arg>${SMARTFREN_TESTDATA}</arg>
<arg>SMARTFERN_ADD_REFERNCE_KEY</arg>
<arg>${i}</arg>
<kw name="Fetch Row" library="ReadDataFromExcel">
<var>${rowdata}</var>
<arg>${filename}</arg>
<arg>${sheetname}</arg>
<arg>${row}</arg>
<msg timestamp="20220928 13:31:02.550" level="INFO">${rowdata} =   DUPLICATE_ENTRY TestCaseId TestDataId  Scenario DROP_DOWN                     MESSAGE
3     TC_001TD_04     TC_001      TD_04  POSITIVE  TEST_380  Cofig Created Successfully</msg>
<status status="PASS" starttime="20220928 13:31:02.421" endtime="20220928 13:31:02.551"/>
</kw>
<msg timestamp="20220928 13:31:02.566" level="INFO">${data} =   DUPLICATE_ENTRY TestCaseId TestDataId  Scenario DROP_DOWN                     MESSAGE
3     TC_001TD_04     TC_001      TD_04  POSITIVE  TEST_380  Cofig Created Successfully</msg>
<status status="PASS" starttime="20220928 13:31:02.418" endtime="20220928 13:31:02.566"/>
</kw>
<kw name="Get Value1" library="ReadDataFromExcel">
<var>${DROP_DOWN}</var>
<arg>${data}</arg>
<arg>DROP_DOWN</arg>
<msg timestamp="20220928 13:31:02.569" level="INFO">${DROP_DOWN} = TEST_380</msg>
<status status="PASS" starttime="20220928 13:31:02.567" endtime="20220928 13:31:02.569"/>
</kw>
<kw name="Get Value1" library="ReadDataFromExcel">
<var>${Scenario}</var>
<arg>${data}</arg>
<arg>Scenario</arg>
<msg timestamp="20220928 13:31:02.570" level="INFO">${Scenario} = POSITIVE</msg>
<status status="PASS" starttime="20220928 13:31:02.570" endtime="20220928 13:31:02.571"/>
</kw>
<kw name="Get Value1" library="ReadDataFromExcel">
<var>${MESSAGE}</var>
<arg>${data}</arg>
<arg>MESSAGE</arg>
<msg timestamp="20220928 13:31:02.572" level="INFO">${MESSAGE} = Cofig Created Successfully</msg>
<status status="PASS" starttime="20220928 13:31:02.571" endtime="20220928 13:31:02.572"/>
</kw>
<kw name="Get Value1" library="ReadDataFromExcel">
<var>${TestCaseId}</var>
<arg>${data}</arg>
<arg>TestCaseId</arg>
<msg timestamp="20220928 13:31:02.573" level="INFO">${TestCaseId} = TC_001</msg>
<status status="PASS" starttime="20220928 13:31:02.572" endtime="20220928 13:31:02.573"/>
</kw>
<kw name="Get Value1" library="ReadDataFromExcel">
<var>${TestDataId}</var>
<arg>${data}</arg>
<arg>TestDataId</arg>
<msg timestamp="20220928 13:31:02.574" level="INFO">${TestDataId} = TD_04</msg>
<status status="PASS" starttime="20220928 13:31:02.573" endtime="20220928 13:31:02.574"/>
</kw>
<kw name="Set Input" library="Common">
<arg>//input[@id='dropDownValue__id']</arg>
<arg>${DROP_DOWN}</arg>
<kw name="Wait Until Element Is Visible" library="SeleniumLibrary">
<arg>${locator}</arg>
<doc>Waits until the element ``locator`` is visible.</doc>
<status status="PASS" starttime="20220928 13:31:02.575" endtime="20220928 13:31:02.864"/>
</kw>
<kw name="Wait Until Keyword Succeeds" library="BuiltIn">
<arg>${TimeOut}</arg>
<arg>${Start}</arg>
<arg>SeleniumLibrary.click element</arg>
<arg>${locator}</arg>
<doc>Runs the specified keyword and retries if it fails.</doc>
<kw name="Click Element" library="SeleniumLibrary">
<arg>${locator}</arg>
<doc>Click the element identified by ``locator``.</doc>
<msg timestamp="20220928 13:31:02.866" level="INFO">Clicking element '//input[@id='dropDownValue__id']'.</msg>
<status status="PASS" starttime="20220928 13:31:02.865" endtime="20220928 13:31:02.951"/>
</kw>
<status status="PASS" starttime="20220928 13:31:02.864" endtime="20220928 13:31:02.951"/>
</kw>
<kw name="Click Element" library="SeleniumLibrary">
<arg>${locator}</arg>
<doc>Click the element identified by ``locator``.</doc>
<msg timestamp="20220928 13:31:02.952" level="INFO">Clicking element '//input[@id='dropDownValue__id']'.</msg>
<status status="PASS" starttime="20220928 13:31:02.951" endtime="20220928 13:31:03.028"/>
</kw>
<kw name="Run Keyword If" library="BuiltIn">
<arg>'${value}' == 'nan'</arg>
<arg>Log To Console</arg>
<arg>NANACONDITION</arg>
<arg>ELSE IF</arg>
<arg>'${value}' == 'BLANK'</arg>
<arg>Wait Until Keyword Succeeds</arg>
<arg>${TimeOut}</arg>
<arg>${Start}</arg>
<arg>SeleniumLibrary.Input Text</arg>
<arg>${locator}</arg>
<arg>ELSE</arg>
<arg>Wait Until Keyword Succeeds</arg>
<arg>${TimeOut}</arg>
<arg>${Start}</arg>
<arg>SeleniumLibrary.Input Text</arg>
<arg>${locator}</arg>
<arg>${value}</arg>
<doc>Runs the given keyword with the given arguments, if ``condition`` is true.</doc>
<kw name="Wait Until Keyword Succeeds" library="BuiltIn">
<arg>${TimeOut}</arg>
<arg>${Start}</arg>
<arg>SeleniumLibrary.Input Text</arg>
<arg>${locator}</arg>
<arg>${value}</arg>
<doc>Runs the specified keyword and retries if it fails.</doc>
<kw name="Input Text" library="SeleniumLibrary">
<arg>${locator}</arg>
<arg>${value}</arg>
<doc>Types the given ``text`` into the text field identified by ``locator``.</doc>
<msg timestamp="20220928 13:31:03.032" level="INFO">Typing text 'TEST_380' into text field '//input[@id='dropDownValue__id']'.</msg>
<status status="PASS" starttime="20220928 13:31:03.031" endtime="20220928 13:31:03.153"/>
</kw>
<status status="PASS" starttime="20220928 13:31:03.029" endtime="20220928 13:31:03.153"/>
</kw>
<status status="PASS" starttime="20220928 13:31:03.028" endtime="20220928 13:31:03.153"/>
</kw>
<status status="PASS" starttime="20220928 13:31:02.574" endtime="20220928 13:31:03.153"/>
</kw>
<kw name="Click Item" library="Common">
<arg>//div[normalize-space()='Create']</arg>
<kw name="Wait Until Element Is Visible" library="SeleniumLibrary">
<arg>${locator}</arg>
<doc>Waits until the element ``locator`` is visible.</doc>
<status status="PASS" starttime="20220928 13:31:03.155" endtime="20220928 13:31:03.191"/>
</kw>
<kw name="Wait Until Keyword Succeeds" library="BuiltIn">
<arg>${TimeOut}</arg>
<arg>${Start}</arg>
<arg>SeleniumLibrary.click element</arg>
<arg>${locator}</arg>
<doc>Runs the specified keyword and retries if it fails.</doc>
<kw name="Click Element" library="SeleniumLibrary">
<arg>${locator}</arg>
<doc>Click the element identified by ``locator``.</doc>
<msg timestamp="20220928 13:31:03.193" level="INFO">Clicking element '//div[normalize-space()='Create']'.</msg>
<status status="PASS" starttime="20220928 13:31:03.192" endtime="20220928 13:31:03.270"/>
</kw>
<status status="PASS" starttime="20220928 13:31:03.191" endtime="20220928 13:31:03.270"/>
</kw>
<status status="PASS" starttime="20220928 13:31:03.154" endtime="20220928 13:31:03.271"/>
</kw>
<if>
<branch type="IF" condition="'${Scenario}' == 'POSITIVE'">
<kw name="Capture Page Screenshot" library="SeleniumLibrary">
<arg>${SCREENSHOT_LOC}/ADD_REFERENCE_KEY_${TestCaseId}_${TestDataId}_${Scenario}.png</arg>
<doc>Takes a screenshot of the current page and embeds it into a log file.</doc>
<msg timestamp="20220928 13:31:03.404" level="INFO" html="true">&lt;/td&gt;&lt;/tr&gt;&lt;tr&gt;&lt;td colspan="3"&gt;&lt;a href="Screenshots/ADD_REFERENCE_KEY_TC_001_TD_04_POSITIVE.png"&gt;&lt;img src="Screenshots/ADD_REFERENCE_KEY_TC_001_TD_04_POSITIVE.png" width="800px"&gt;&lt;/a&gt;</msg>
<status status="PASS" starttime="20220928 13:31:03.271" endtime="20220928 13:31:03.404"/>
</kw>
<status status="PASS" starttime="20220928 13:31:03.271" endtime="20220928 13:31:03.404"/>
</branch>
<status status="PASS" starttime="20220928 13:31:03.271" endtime="20220928 13:31:03.404"/>
</if>
<if>
<branch type="IF" condition="'${Scenario}' == 'NEGATIVE'">
<kw name="Log To Console" library="BuiltIn">
<arg>negative</arg>
<doc>Logs the given message to the console.</doc>
<status status="NOT RUN" starttime="20220928 13:31:03.406" endtime="20220928 13:31:03.406"/>
</kw>
<kw name="Click Item" library="Common">
<arg>//div[contains(text(),' Cancel')]</arg>
<status status="NOT RUN" starttime="20220928 13:31:03.406" endtime="20220928 13:31:03.406"/>
</kw>
<status status="NOT RUN" starttime="20220928 13:31:03.405" endtime="20220928 13:31:03.406"/>
</branch>
<status status="PASS" starttime="20220928 13:31:03.405" endtime="20220928 13:31:03.406"/>
</if>
<status status="PASS" starttime="20220928 13:30:53.048" endtime="20220928 13:31:03.406"/>
</iter>
<status status="PASS" starttime="20220928 13:30:20.985" endtime="20220928 13:31:03.407"/>
</for>
<status status="PASS" starttime="20220928 13:30:18.950" endtime="20220928 13:31:03.407"/>
</kw>
<kw name="Execute Suite Teardown" library="Common" type="TEARDOWN">
<doc>Closes all open browsers and resets the browser cache.</doc>
<kw name="Run Keyword And Return Status" library="BuiltIn">
<var>${present}</var>
<arg>Variable Should Exist</arg>
<arg>${download directory}</arg>
<doc>Runs the given keyword with given arguments and returns the status as a Boolean value.</doc>
<kw name="Variable Should Exist" library="BuiltIn">
<arg>${download directory}</arg>
<doc>Fails unless the given variable exists within the current scope.</doc>
<msg timestamp="20220928 13:31:03.415" level="FAIL">Variable '${download directory}' does not exist.</msg>
<status status="FAIL" starttime="20220928 13:31:03.410" endtime="20220928 13:31:03.421"/>
</kw>
<msg timestamp="20220928 13:31:03.421" level="INFO">${present} = False</msg>
<status status="PASS" starttime="20220928 13:31:03.409" endtime="20220928 13:31:03.421"/>
</kw>
<if>
<branch type="IF" condition="${present}">
<kw name="Empty Directory" library="OperatingSystem">
<arg>${download directory}</arg>
<doc>Deletes all the content from the given directory.</doc>
<status status="NOT RUN" starttime="20220928 13:31:03.422" endtime="20220928 13:31:03.422"/>
</kw>
<kw name="Remove Directory" library="OperatingSystem">
<arg>${download directory}</arg>
<doc>Removes the directory pointed to by the given ``path``.</doc>
<status status="NOT RUN" starttime="20220928 13:31:03.422" endtime="20220928 13:31:03.422"/>
</kw>
<status status="NOT RUN" starttime="20220928 13:31:03.421" endtime="20220928 13:31:03.422"/>
</branch>
<status status="PASS" starttime="20220928 13:31:03.421" endtime="20220928 13:31:03.422"/>
</if>
<kw name="Close All Browsers" library="SeleniumLibrary">
<doc>Closes all open browsers and resets the browser cache.</doc>
<status status="PASS" starttime="20220928 13:31:03.423" endtime="20220928 13:31:05.590"/>
</kw>
<kw name="Print" library="Common">
<arg>finished =&gt; Execute Suite Teardown</arg>
<kw name="Log To Console" library="BuiltIn">
<arg>\n${message}</arg>
<doc>Logs the given message to the console.</doc>
<status status="PASS" starttime="20220928 13:31:05.593" endtime="20220928 13:31:05.595"/>
</kw>
<status status="PASS" starttime="20220928 13:31:05.591" endtime="20220928 13:31:05.595"/>
</kw>
<status status="PASS" starttime="20220928 13:31:03.408" endtime="20220928 13:31:05.595"/>
</kw>
<doc>Validate Isi pulsa and beli paket</doc>
<status status="PASS" starttime="20220928 13:30:04.092" endtime="20220928 13:31:05.596"/>
</test>
<doc>Sample TestCase For Automation FrameWork</doc>
<status status="PASS" starttime="20220928 13:30:02.782" endtime="20220928 13:31:05.599"/>
</suite>
<statistics>
<total>
<stat pass="1" fail="0" skip="0">All Tests</stat>
</total>
<tag>
</tag>
<suite>
<stat pass="1" fail="0" skip="0" id="s1" name="A ADD REFERENCE KEY 1">A ADD REFERENCE KEY 1</stat>
</suite>
</statistics>
<errors>
</errors>
</robot>
